31/Aug/2022 08:53:24 AM - login - 94 - INFO - Wait for Universal Prompt render:1
31/Aug/2022 08:53:43 AM - login - 119 - INFO - Wait for count_duo_pass:1
31/Aug/2022 08:53:44 AM - login - 119 - INFO - Wait for count_duo_pass:2
31/Aug/2022 08:53:50 AM - login - 129 - INFO - Login to QIS is success!!!
31/Aug/2022 08:54:13 AM - login - 137 - DEBUG - Main Page:CDwindow-70527888FEC72706968969A378B90738
31/Aug/2022 08:54:16 AM - extract_data_excel - 166 - INFO -    Site Received Serial# QIT Disposition  ... Unnamed: 6  46
0            JUS1640B2XP           Scrap  ...        NaN NaN
1            JUS1640B2FX           Scrap  ...        NaN NaN
2            FNS19360ETX           Scrap  ...        NaN NaN
3            FNS21280USU           Scrap  ...        NaN NaN
4            AVJ18253PCU           Scrap  ...        NaN NaN
5            AVM2044U3G2           Scrap  ...        NaN NaN
6            AVF2036U3WF           Scrap  ...        NaN NaN
7            ONT174202UK           Scrap  ...        NaN NaN
8            FNS201316FB           Scrap  ...        NaN NaN
9            FNS20380Z93           Scrap  ...        NaN NaN
10           FNS19260ESW           Scrap  ...        NaN NaN
11           MDM2125056F           Scrap  ...        NaN NaN
12           AGA1642R2GS           Scrap  ...        NaN NaN
13           ONT100500EE           Scrap  ...        NaN NaN
14           ONT100500D2           Scrap  ...        NaN NaN
15           SPC161302GP           Scrap  ...        NaN NaN
16           FNS21280UXU           Scrap  ...        NaN NaN
17           ONT21210063           Scrap  ...        NaN NaN
18           FNS18030VYK           Scrap  ...        NaN NaN
19           FIW210904F9           Scrap  ...        NaN NaN
20           FNS17490RQD           Scrap  ...        NaN NaN
21           AVJ19463TK0           Scrap  ...        NaN NaN
22           FNS194803PK           Scrap  ...        NaN NaN
23           AVJ20283AJ3           Scrap  ...        NaN NaN
24           AVJ19433651           Scrap  ...        NaN NaN
25           AVJ19063HDC           Scrap  ...        NaN NaN
26           OPM20330HK7           Scrap  ...        NaN NaN
27           OPM20330GMF           Scrap  ...        NaN NaN
28           AVJ19063KF5           Scrap  ...        NaN NaN
29           OPT2127004A           Scrap  ...        NaN NaN
30           AVP1830S2Q2           Scrap  ...        NaN NaN
31           FIW204100KY           Scrap  ...        NaN NaN
32           DTS2047A045           Scrap  ...        NaN NaN
33           FNS20250VKM           Scrap  ...        NaN NaN
34           ACW2129028G           Scrap  ...        NaN NaN
35           JFQ21271016           Scrap  ...        NaN NaN
36           A4Z2101K039           Scrap  ...        NaN NaN
37           FNS19080MA1           Scrap  ...        NaN NaN
38           AVF2036G01A           Scrap  ...        NaN NaN
39           AVJ193933KB           Scrap  ...        NaN NaN
40           FNS1407048P           Scrap  ...        NaN NaN
41           FNS14060RRX           Scrap  ...        NaN NaN
42           AVJ203635A9           Scrap  ...        NaN NaN
43           MDM17370086           Scrap  ...        NaN NaN
44           FNS192718WR           Scrap  ...        NaN NaN
45           FNS18201EBL           Scrap  ...        NaN NaN

[46 rows x 8 columns]
31/Aug/2022 08:54:16 AM - extract_data_excel - 172 - INFO - Number of rows >>> 46
31/Aug/2022 08:54:16 AM - extract_data_excel - 198 - DEBUG - After Filter FA case that already done.
31/Aug/2022 08:54:16 AM - extract_data_excel - 202 - DEBUG - FA-0554568{'JUS1640B2XP': ['Scrap', 'nan', 'anuchma', 'FET-10G='], 'JUS1640B2FX': ['Scrap', 'nan', 'anuchma', 'FET-10G=']}
31/Aug/2022 08:54:16 AM - extract_data_excel - 202 - DEBUG - FA-0554711{'FNS19360ETX': ['Scrap', 'nan', 'anuchma', 'GLC-LH-SMD=']}
31/Aug/2022 08:54:16 AM - extract_data_excel - 202 - DEBUG - FA-0556356{'FNS21280USU': ['Scrap', 'nan', 'anuchma', 'SFP-10G-ER=']}
31/Aug/2022 08:54:16 AM - extract_data_excel - 202 - DEBUG - FA-0556514{'AVJ18253PCU': ['Scrap', 'nan', 'anuchma', 'GLC-LH-SMD=']}
31/Aug/2022 08:54:16 AM - extract_data_excel - 202 - DEBUG - FA-0557147{'AVM2044U3G2': ['Scrap', 'nan', 'anuchma', 'QSFP-40G-SR-BD=']}
31/Aug/2022 08:54:16 AM - extract_data_excel - 202 - DEBUG - FA-0557148{'AVF2036U3WF': ['Scrap', 'nan', 'anuchma', 'QSFP-40G-SR-BD=']}
31/Aug/2022 08:54:16 AM - extract_data_excel - 202 - DEBUG - FA-0558313{'ONT174202UK': ['Scrap', 'nan', 'anuchma', 'SFP-10G-LR=']}
31/Aug/2022 08:54:16 AM - extract_data_excel - 202 - DEBUG - FA-0558861{'FNS201316FB': ['Scrap', 'nan', 'anuchma', 'XFP-10G-MM-SR=']}
31/Aug/2022 08:54:16 AM - extract_data_excel - 202 - DEBUG - FA-0559254{'FNS20380Z93': ['Scrap', 'nan', 'anuchma', 'SFP-10G-LR=']}
31/Aug/2022 08:54:16 AM - extract_data_excel - 202 - DEBUG - FA-0559751{'FNS19260ESW': ['Scrap', 'nan', 'anuchma', 'GLC-SX-MMD=']}
31/Aug/2022 08:54:16 AM - extract_data_excel - 202 - DEBUG - FA-0560741{'MDM2125056F': ['Scrap', 'nan', 'anuchma', 'QSFP-H40G-ACU7M=']}
31/Aug/2022 08:54:16 AM - extract_data_excel - 202 - DEBUG - FA-0560875{'AGA1642R2GS': ['Scrap', 'nan', 'anuchma', 'GLC-SX-MMD=']}
31/Aug/2022 08:54:16 AM - extract_data_excel - 202 - DEBUG - FA-0561460{'ONT100500EE': ['Scrap', 'nan', 'anuchma', 'X2-10GB-SR='], 'ONT100500D2': ['Scrap', 'nan', 'anuchma', 'X2-10GB-SR=']}
31/Aug/2022 08:54:16 AM - extract_data_excel - 202 - DEBUG - FA-0561502{'SPC161302GP': ['Scrap', 'nan', 'anuchma', 'SFP-10G-LR=']}
31/Aug/2022 08:54:16 AM - extract_data_excel - 202 - DEBUG - FA-0562381{'FNS21280UXU': ['Scrap', 'nan', 'anuchma', 'SFP-10G-ER=']}
31/Aug/2022 08:54:16 AM - extract_data_excel - 202 - DEBUG - FA-0562383{'ONT21210063': ['Scrap', 'nan', 'anuchma', 'SFP-10G-ER=']}
31/Aug/2022 08:54:16 AM - extract_data_excel - 202 - DEBUG - FA-0562579{'FNS18030VYK': ['Scrap', 'nan', 'anuchma', 'SFP-10G-LR=']}
31/Aug/2022 08:54:16 AM - extract_data_excel - 202 - DEBUG - FA-0563079{'FIW210904F9': ['Scrap', 'nan', 'anuchma', 'QSFP-100G-AOC10M=']}
31/Aug/2022 08:54:16 AM - extract_data_excel - 202 - DEBUG - FA-0563324{'FNS17490RQD': ['Scrap', 'nan', 'anuchma', 'GLC-SX-MMD=']}
31/Aug/2022 08:54:16 AM - extract_data_excel - 202 - DEBUG - FA-0563365{'AVJ19463TK0': ['Scrap', 'nan', 'anuchma', 'GLC-LH-SMD=']}
31/Aug/2022 08:54:16 AM - extract_data_excel - 202 - DEBUG - FA-0563366{'FNS194803PK': ['Scrap', 'nan', 'anuchma', 'GLC-LH-SMD=']}
31/Aug/2022 08:54:16 AM - extract_data_excel - 202 - DEBUG - FA-0563368{'AVJ20283AJ3': ['Scrap', 'nan', 'anuchma', 'GLC-LH-SMD=']}
31/Aug/2022 08:54:16 AM - extract_data_excel - 202 - DEBUG - FA-0563369{'AVJ19433651': ['Scrap', 'nan', 'anuchma', 'GLC-LH-SMD=']}
31/Aug/2022 08:54:16 AM - extract_data_excel - 202 - DEBUG - FA-0563370{'AVJ19063HDC': ['Scrap', 'nan', 'anuchma', 'GLC-LH-SMD='], 'OPM20330HK7': ['Scrap', 'nan', 'anuchma', 'GLC-LH-SMD='], 'OPM20330GMF': ['Scrap', 'nan', 'anuchma', 'GLC-LH-SMD='], 'AVJ19063KF5': ['Scrap', 'nan', 'anuchma', 'GLC-LH-SMD=']}
31/Aug/2022 08:54:16 AM - extract_data_excel - 202 - DEBUG - FA-0563392{'OPT2127004A': ['Scrap', 'nan', 'anuchma', 'SFP-10G-LR-X=']}
31/Aug/2022 08:54:16 AM - extract_data_excel - 202 - DEBUG - FA-0563882{'AVP1830S2Q2': ['Scrap', 'nan', 'anuchma', 'QSFP-40G-CSR4='], 'FIW204100KY': ['Scrap', 'nan', 'anuchma', 'QSFP-40G-CSR4=']}
31/Aug/2022 08:54:16 AM - extract_data_excel - 202 - DEBUG - FA-0563986{'DTS2047A045': ['Scrap', 'nan', 'anuchma', 'QSFP-H40G-AOC3M=']}
31/Aug/2022 08:54:16 AM - extract_data_excel - 202 - DEBUG - FA-0564279{'FNS20250VKM': ['Scrap', 'nan', 'anuchma', 'GLC-SX-MMD='], 'ACW2129028G': ['Scrap', 'nan', 'anuchma', 'GLC-SX-MMD=']}
31/Aug/2022 08:54:16 AM - extract_data_excel - 202 - DEBUG - FA-0564360{'JFQ21271016': ['Scrap', 'nan', 'anuchma', 'QSFP-40G-SR4-S=']}
31/Aug/2022 08:54:16 AM - extract_data_excel - 202 - DEBUG - FA-0564488{'A4Z2101K039': ['Scrap', 'nan', 'anuchma', 'SFP-10G-AOC3M=']}
31/Aug/2022 08:54:16 AM - extract_data_excel - 202 - DEBUG - FA-0564531{'FNS19080MA1': ['Scrap', 'nan', 'anuchma', 'GLC-LH-SMD=']}
31/Aug/2022 08:54:16 AM - extract_data_excel - 202 - DEBUG - FA-0564619{'AVF2036G01A': ['Scrap', 'nan', 'anuchma', 'QSFP-100G-SR4-S=']}
31/Aug/2022 08:54:16 AM - extract_data_excel - 202 - DEBUG - FA-0564627{'AVJ193933KB': ['Scrap', 'nan', 'anuchma', 'GLC-LH-SMD=']}
31/Aug/2022 08:54:16 AM - extract_data_excel - 202 - DEBUG - FA-0564741{'FNS1407048P': ['Scrap', 'nan', 'anuchma', 'GLC-LX-SM-RGD='], 'FNS14060RRX': ['Scrap', 'nan', 'anuchma', 'GLC-LX-SM-RGD=']}
31/Aug/2022 08:54:16 AM - extract_data_excel - 202 - DEBUG - FA-0564864{'AVJ203635A9': ['Scrap', 'nan', 'anuchma', 'GLC-LH-SMD=']}
31/Aug/2022 08:54:16 AM - extract_data_excel - 202 - DEBUG - FA-0564865{'MDM17370086': ['Scrap', 'nan', 'anuchma', 'QSFP-H40G-CU5M=']}
31/Aug/2022 08:54:16 AM - extract_data_excel - 202 - DEBUG - FA-0565066{'FNS192718WR': ['Scrap', 'nan', 'anuchma', 'GLC-SX-MMD=']}
31/Aug/2022 08:54:16 AM - extract_data_excel - 202 - DEBUG - FA-0565633{'FNS18201EBL': ['Scrap', 'nan', 'anuchma', 'GLC-LH-SMD=']}
31/Aug/2022 08:54:16 AM - extract_data_excel - 204 - INFO - FA Case number >>> 38 Cases
31/Aug/2022 08:54:17 AM - search_case - 600 - INFO - FA Case >>> FA-0554568
31/Aug/2022 08:54:22 AM - search_case - 623 - INFO - Status of FA-0554568 >>> Inspection & Review
31/Aug/2022 08:54:24 AM - search_case - 600 - INFO - FA Case >>> FA-0554568
31/Aug/2022 08:54:29 AM - search_case - 623 - INFO - Status of FA-0554568 >>> Inspection & Review
31/Aug/2022 08:54:31 AM - update_qms_data - 234 - DEBUG - 2
31/Aug/2022 08:54:32 AM - update_qms_data - 259 - DEBUG - Check Sort is pass.
31/Aug/2022 08:54:34 AM - update_qms_data - 273 - INFO - Exact rows >>> 2 Rows number >>> 4
31/Aug/2022 08:54:34 AM - update_qms_data - 287 - DEBUG - <selenium.webdriver.remote.webelement.WebElement (session="7ab2e72b156c52c57127bd1ec949b689", element="a33ee95d-a9aa-45fa-a680-f80586ebb751")>
31/Aug/2022 08:54:34 AM - update_qms_data - 314 - INFO - FA FLAG >>> Yes
31/Aug/2022 08:54:34 AM - update_qms_data - 332 - INFO - Serial Number >>> JUS1640B2FX
31/Aug/2022 08:54:34 AM - update_qms_data - 336 - INFO - Dispose to >>> Scrap
31/Aug/2022 08:54:35 AM - update_qms_data - 383 - DEBUG - Check Render >>> PID Result/Failure Mode/Failure Code : PID Result/Failure Mode/Failure Code
31/Aug/2022 08:54:35 AM - update_qms_data - 287 - DEBUG - <selenium.webdriver.remote.webelement.WebElement (session="7ab2e72b156c52c57127bd1ec949b689", element="42542cc5-5919-4e45-b0e0-6e4f944b4bab")>
31/Aug/2022 08:54:35 AM - update_qms_data - 314 - INFO - FA FLAG >>> Yes
31/Aug/2022 08:54:35 AM - update_qms_data - 332 - INFO - Serial Number >>> JUS1640B2XP
31/Aug/2022 08:54:35 AM - update_qms_data - 336 - INFO - Dispose to >>> Scrap
31/Aug/2022 08:54:36 AM - update_qms_data - 383 - DEBUG - Check Render >>> PID Result/Failure Mode/Failure Code : PID Result/Failure Mode/Failure Code
31/Aug/2022 08:54:37 AM - search_case - 600 - INFO - FA Case >>> FA-0554568
31/Aug/2022 08:54:38 AM - search_case - 612 - WARNING - Wait for against click intercepted !!!
31/Aug/2022 08:54:40 AM - search_case - 612 - WARNING - Wait for against click intercepted !!!
31/Aug/2022 08:54:42 AM - search_case - 612 - WARNING - Wait for against click intercepted !!!
31/Aug/2022 08:54:44 AM - search_case - 612 - WARNING - Wait for against click intercepted !!!
31/Aug/2022 08:54:46 AM - search_case - 612 - WARNING - Wait for against click intercepted !!!
31/Aug/2022 08:54:48 AM - search_case - 612 - WARNING - Wait for against click intercepted !!!
31/Aug/2022 08:54:50 AM - search_case - 612 - WARNING - Wait for against click intercepted !!!
31/Aug/2022 08:54:52 AM - search_case - 612 - WARNING - Wait for against click intercepted !!!
31/Aug/2022 08:54:54 AM - search_case - 612 - WARNING - Wait for against click intercepted !!!
31/Aug/2022 08:54:56 AM - search_case - 612 - WARNING - Wait for against click intercepted !!!
31/Aug/2022 08:54:59 AM - search_case - 612 - WARNING - Wait for against click intercepted !!!
31/Aug/2022 08:55:01 AM - search_case - 612 - WARNING - Wait for against click intercepted !!!
31/Aug/2022 08:55:03 AM - search_case - 612 - WARNING - Wait for against click intercepted !!!
31/Aug/2022 08:55:05 AM - search_case - 612 - WARNING - Wait for against click intercepted !!!
31/Aug/2022 08:55:07 AM - search_case - 612 - WARNING - Wait for against click intercepted !!!
31/Aug/2022 08:55:09 AM - search_case - 612 - WARNING - Wait for against click intercepted !!!
31/Aug/2022 08:55:11 AM - search_case - 612 - WARNING - Wait for against click intercepted !!!
31/Aug/2022 08:55:13 AM - search_case - 612 - WARNING - Wait for against click intercepted !!!
31/Aug/2022 08:55:15 AM - search_case - 612 - WARNING - Wait for against click intercepted !!!
31/Aug/2022 08:55:17 AM - search_case - 612 - WARNING - Wait for against click intercepted !!!
31/Aug/2022 08:55:19 AM - search_case - 612 - WARNING - Wait for against click intercepted !!!
31/Aug/2022 08:55:22 AM - search_case - 612 - WARNING - Wait for against click intercepted !!!
31/Aug/2022 08:55:24 AM - search_case - 612 - WARNING - Wait for against click intercepted !!!
31/Aug/2022 08:55:26 AM - search_case - 612 - WARNING - Wait for against click intercepted !!!
31/Aug/2022 08:55:28 AM - search_case - 612 - WARNING - Wait for against click intercepted !!!
31/Aug/2022 08:55:30 AM - search_case - 612 - WARNING - Wait for against click intercepted !!!
31/Aug/2022 08:55:32 AM - search_case - 612 - WARNING - Wait for against click intercepted !!!
31/Aug/2022 08:55:42 AM - search_case - 623 - INFO - Status of FA-0554568 >>> Inspection & Review
31/Aug/2022 08:55:45 AM - move_case - 518 - DEBUG - No. Of window handles2: 2 >>>  ['CDwindow-70527888FEC72706968969A378B90738', 'CDwindow-AB0C022C3C8CAE80A0CC4A66486BBAC4']
31/Aug/2022 08:55:47 AM - move_case - 525 - DEBUG - Change Status Window: Change Status >>> ['CDwindow-70527888FEC72706968969A378B90738', 'CDwindow-AB0C022C3C8CAE80A0CC4A66486BBAC4']
31/Aug/2022 08:56:59 AM - search_case - 600 - INFO - FA Case >>> FA-0554568
31/Aug/2022 08:57:05 AM - search_case - 623 - INFO - Status of FA-0554568 >>> Pending Closure Approval
31/Aug/2022 08:57:15 AM - search_case - 600 - INFO - FA Case >>> FA-0554711
31/Aug/2022 08:57:21 AM - search_case - 623 - INFO - Status of FA-0554711 >>> Inspection & Review
31/Aug/2022 08:57:22 AM - search_case - 600 - INFO - FA Case >>> FA-0554711
31/Aug/2022 08:57:28 AM - search_case - 623 - INFO - Status of FA-0554711 >>> Inspection & Review
31/Aug/2022 08:57:30 AM - update_qms_data - 234 - DEBUG - 1
31/Aug/2022 08:57:31 AM - update_qms_data - 259 - DEBUG - Check Sort is pass.
31/Aug/2022 08:57:32 AM - update_qms_data - 273 - INFO - Exact rows >>> 1 Rows number >>> 2
31/Aug/2022 08:57:32 AM - update_qms_data - 287 - DEBUG - <selenium.webdriver.remote.webelement.WebElement (session="7ab2e72b156c52c57127bd1ec949b689", element="0b18061c-826c-428a-8df8-ac4e6c250c13")>
31/Aug/2022 08:57:32 AM - update_qms_data - 314 - INFO - FA FLAG >>> Yes
31/Aug/2022 08:57:32 AM - update_qms_data - 332 - INFO - Serial Number >>> FNS19360ETX
31/Aug/2022 08:57:32 AM - update_qms_data - 336 - INFO - Dispose to >>> Scrap
31/Aug/2022 08:57:34 AM - update_qms_data - 383 - DEBUG - Check Render >>> PID Result/Failure Mode/Failure Code : PID Result/Failure Mode/Failure Code
31/Aug/2022 08:57:34 AM - search_case - 600 - INFO - FA Case >>> FA-0554711
31/Aug/2022 08:57:35 AM - search_case - 612 - WARNING - Wait for against click intercepted !!!
31/Aug/2022 08:57:37 AM - search_case - 612 - WARNING - Wait for against click intercepted !!!
31/Aug/2022 08:57:39 AM - search_case - 612 - WARNING - Wait for against click intercepted !!!
31/Aug/2022 08:57:41 AM - search_case - 612 - WARNING - Wait for against click intercepted !!!
31/Aug/2022 08:57:43 AM - search_case - 612 - WARNING - Wait for against click intercepted !!!
31/Aug/2022 08:57:45 AM - search_case - 612 - WARNING - Wait for against click intercepted !!!
31/Aug/2022 08:57:48 AM - search_case - 612 - WARNING - Wait for against click intercepted !!!
31/Aug/2022 08:57:50 AM - search_case - 612 - WARNING - Wait for against click intercepted !!!
31/Aug/2022 08:57:52 AM - search_case - 612 - WARNING - Wait for against click intercepted !!!
31/Aug/2022 08:57:54 AM - search_case - 612 - WARNING - Wait for against click intercepted !!!
31/Aug/2022 08:57:56 AM - search_case - 612 - WARNING - Wait for against click intercepted !!!
31/Aug/2022 08:57:58 AM - search_case - 612 - WARNING - Wait for against click intercepted !!!
31/Aug/2022 08:58:00 AM - search_case - 612 - WARNING - Wait for against click intercepted !!!
31/Aug/2022 08:58:02 AM - search_case - 612 - WARNING - Wait for against click intercepted !!!
31/Aug/2022 08:58:04 AM - search_case - 612 - WARNING - Wait for against click intercepted !!!
31/Aug/2022 08:58:06 AM - search_case - 612 - WARNING - Wait for against click intercepted !!!
31/Aug/2022 08:58:08 AM - search_case - 612 - WARNING - Wait for against click intercepted !!!
31/Aug/2022 08:58:10 AM - search_case - 612 - WARNING - Wait for against click intercepted !!!
31/Aug/2022 08:58:13 AM - search_case - 612 - WARNING - Wait for against click intercepted !!!
31/Aug/2022 08:58:15 AM - search_case - 612 - WARNING - Wait for against click intercepted !!!
31/Aug/2022 08:58:17 AM - search_case - 612 - WARNING - Wait for against click intercepted !!!
31/Aug/2022 08:58:19 AM - search_case - 612 - WARNING - Wait for against click intercepted !!!
31/Aug/2022 08:58:21 AM - search_case - 612 - WARNING - Wait for against click intercepted !!!
31/Aug/2022 08:58:23 AM - search_case - 612 - WARNING - Wait for against click intercepted !!!
31/Aug/2022 08:58:25 AM - search_case - 612 - WARNING - Wait for against click intercepted !!!
31/Aug/2022 08:58:27 AM - search_case - 612 - WARNING - Wait for against click intercepted !!!
31/Aug/2022 08:58:29 AM - search_case - 612 - WARNING - Wait for against click intercepted !!!
31/Aug/2022 08:58:31 AM - search_case - 612 - WARNING - Wait for against click intercepted !!!
31/Aug/2022 08:58:34 AM - search_case - 612 - WARNING - Wait for against click intercepted !!!
31/Aug/2022 08:58:36 AM - search_case - 612 - WARNING - Wait for against click intercepted !!!
31/Aug/2022 08:58:42 AM - search_case - 623 - INFO - Status of FA-0554711 >>> Inspection & Review
31/Aug/2022 08:58:44 AM - move_case - 518 - DEBUG - No. Of window handles2: 2 >>>  ['CDwindow-70527888FEC72706968969A378B90738', 'CDwindow-C51F9B22A3D53C6DB32CB839B981F006']
31/Aug/2022 08:58:44 AM - move_case - 525 - DEBUG - Change Status Window: Change Status >>> ['CDwindow-70527888FEC72706968969A378B90738', 'CDwindow-C51F9B22A3D53C6DB32CB839B981F006']
31/Aug/2022 08:59:21 AM - search_case - 600 - INFO - FA Case >>> FA-0554711
31/Aug/2022 08:59:26 AM - search_case - 623 - INFO - Status of FA-0554711 >>> Pending Closure Approval
31/Aug/2022 08:59:37 AM - search_case - 600 - INFO - FA Case >>> FA-0556356
31/Aug/2022 08:59:42 AM - search_case - 623 - INFO - Status of FA-0556356 >>> Inspection & Review
31/Aug/2022 08:59:43 AM - search_case - 600 - INFO - FA Case >>> FA-0556356
31/Aug/2022 08:59:49 AM - search_case - 623 - INFO - Status of FA-0556356 >>> Inspection & Review
31/Aug/2022 08:59:51 AM - update_qms_data - 234 - DEBUG - 1
31/Aug/2022 08:59:52 AM - update_qms_data - 259 - DEBUG - Check Sort is pass.
31/Aug/2022 08:59:53 AM - update_qms_data - 273 - INFO - Exact rows >>> 1 Rows number >>> 2
31/Aug/2022 08:59:53 AM - update_qms_data - 287 - DEBUG - <selenium.webdriver.remote.webelement.WebElement (session="7ab2e72b156c52c57127bd1ec949b689", element="4ebc2775-77c2-4659-8cf6-602611a27edb")>
31/Aug/2022 08:59:53 AM - update_qms_data - 314 - INFO - FA FLAG >>> Yes
31/Aug/2022 08:59:53 AM - update_qms_data - 332 - INFO - Serial Number >>> FNS21280USU
31/Aug/2022 08:59:53 AM - update_qms_data - 336 - INFO - Dispose to >>> Scrap
31/Aug/2022 08:59:55 AM - update_qms_data - 383 - DEBUG - Check Render >>> PID Result/Failure Mode/Failure Code : PID Result/Failure Mode/Failure Code
31/Aug/2022 08:59:55 AM - search_case - 600 - INFO - FA Case >>> FA-0556356
31/Aug/2022 08:59:56 AM - search_case - 612 - WARNING - Wait for against click intercepted !!!
31/Aug/2022 08:59:58 AM - search_case - 612 - WARNING - Wait for against click intercepted !!!
31/Aug/2022 09:00:00 AM - search_case - 612 - WARNING - Wait for against click intercepted !!!
31/Aug/2022 09:00:02 AM - search_case - 612 - WARNING - Wait for against click intercepted !!!
31/Aug/2022 09:00:04 AM - search_case - 612 - WARNING - Wait for against click intercepted !!!
31/Aug/2022 09:00:06 AM - search_case - 612 - WARNING - Wait for against click intercepted !!!
31/Aug/2022 09:00:08 AM - search_case - 612 - WARNING - Wait for against click intercepted !!!
31/Aug/2022 09:00:10 AM - search_case - 612 - WARNING - Wait for against click intercepted !!!
31/Aug/2022 09:00:13 AM - search_case - 612 - WARNING - Wait for against click intercepted !!!
31/Aug/2022 09:00:15 AM - search_case - 612 - WARNING - Wait for against click intercepted !!!
31/Aug/2022 09:00:17 AM - search_case - 612 - WARNING - Wait for against click intercepted !!!
31/Aug/2022 09:00:19 AM - search_case - 612 - WARNING - Wait for against click intercepted !!!
31/Aug/2022 09:00:21 AM - search_case - 612 - WARNING - Wait for against click intercepted !!!
31/Aug/2022 09:00:23 AM - search_case - 612 - WARNING - Wait for against click intercepted !!!
31/Aug/2022 09:00:25 AM - search_case - 612 - WARNING - Wait for against click intercepted !!!
31/Aug/2022 09:00:27 AM - search_case - 612 - WARNING - Wait for against click intercepted !!!
31/Aug/2022 09:00:29 AM - search_case - 612 - WARNING - Wait for against click intercepted !!!
31/Aug/2022 09:00:31 AM - search_case - 612 - WARNING - Wait for against click intercepted !!!
31/Aug/2022 09:00:33 AM - search_case - 612 - WARNING - Wait for against click intercepted !!!
31/Aug/2022 09:00:35 AM - search_case - 612 - WARNING - Wait for against click intercepted !!!
31/Aug/2022 09:00:38 AM - search_case - 612 - WARNING - Wait for against click intercepted !!!
31/Aug/2022 09:00:46 AM - search_case - 623 - INFO - Status of FA-0556356 >>> Inspection & Review
31/Aug/2022 09:00:48 AM - move_case - 518 - DEBUG - No. Of window handles2: 2 >>>  ['CDwindow-70527888FEC72706968969A378B90738', 'CDwindow-210BBA6399A01730C65491BD8C0A812C']
31/Aug/2022 09:00:48 AM - move_case - 525 - DEBUG - Change Status Window: Change Status >>> ['CDwindow-70527888FEC72706968969A378B90738', 'CDwindow-210BBA6399A01730C65491BD8C0A812C']
31/Aug/2022 09:01:16 AM - search_case - 600 - INFO - FA Case >>> FA-0556356
31/Aug/2022 09:01:21 AM - search_case - 623 - INFO - Status of FA-0556356 >>> Pending Closure Approval
31/Aug/2022 09:01:32 AM - search_case - 600 - INFO - FA Case >>> FA-0556514
31/Aug/2022 09:01:37 AM - search_case - 623 - INFO - Status of FA-0556514 >>> Inspection & Review
31/Aug/2022 09:01:38 AM - search_case - 600 - INFO - FA Case >>> FA-0556514
31/Aug/2022 09:01:45 AM - search_case - 623 - INFO - Status of FA-0556514 >>> Inspection & Review
31/Aug/2022 09:01:47 AM - update_qms_data - 234 - DEBUG - 1
31/Aug/2022 09:01:48 AM - update_qms_data - 259 - DEBUG - Check Sort is pass.
31/Aug/2022 09:01:49 AM - update_qms_data - 273 - INFO - Exact rows >>> 1 Rows number >>> 2
31/Aug/2022 09:01:49 AM - update_qms_data - 287 - DEBUG - <selenium.webdriver.remote.webelement.WebElement (session="7ab2e72b156c52c57127bd1ec949b689", element="7964ac82-93cb-4d02-9da5-fe4821021c68")>
31/Aug/2022 09:01:49 AM - update_qms_data - 314 - INFO - FA FLAG >>> Yes
31/Aug/2022 09:01:49 AM - update_qms_data - 332 - INFO - Serial Number >>> AVJ18253PCU
31/Aug/2022 09:01:49 AM - update_qms_data - 336 - INFO - Dispose to >>> Scrap
31/Aug/2022 09:01:50 AM - update_qms_data - 383 - DEBUG - Check Render >>> PID Result/Failure Mode/Failure Code : PID Result/Failure Mode/Failure Code
31/Aug/2022 09:01:51 AM - search_case - 600 - INFO - FA Case >>> FA-0556514
31/Aug/2022 09:01:52 AM - search_case - 612 - WARNING - Wait for against click intercepted !!!
31/Aug/2022 09:01:54 AM - search_case - 612 - WARNING - Wait for against click intercepted !!!
31/Aug/2022 09:01:56 AM - search_case - 612 - WARNING - Wait for against click intercepted !!!
31/Aug/2022 09:01:58 AM - search_case - 612 - WARNING - Wait for against click intercepted !!!
31/Aug/2022 09:02:00 AM - search_case - 612 - WARNING - Wait for against click intercepted !!!
31/Aug/2022 09:02:02 AM - search_case - 612 - WARNING - Wait for against click intercepted !!!
31/Aug/2022 09:02:04 AM - search_case - 612 - WARNING - Wait for against click intercepted !!!
31/Aug/2022 09:02:06 AM - search_case - 612 - WARNING - Wait for against click intercepted !!!
31/Aug/2022 09:02:09 AM - search_case - 612 - WARNING - Wait for against click intercepted !!!
31/Aug/2022 09:02:11 AM - search_case - 612 - WARNING - Wait for against click intercepted !!!
31/Aug/2022 09:02:13 AM - search_case - 612 - WARNING - Wait for against click intercepted !!!
31/Aug/2022 09:02:15 AM - search_case - 612 - WARNING - Wait for against click intercepted !!!
31/Aug/2022 09:02:17 AM - search_case - 612 - WARNING - Wait for against click intercepted !!!
31/Aug/2022 09:02:19 AM - search_case - 612 - WARNING - Wait for against click intercepted !!!
31/Aug/2022 09:02:21 AM - search_case - 612 - WARNING - Wait for against click intercepted !!!
31/Aug/2022 09:02:23 AM - search_case - 612 - WARNING - Wait for against click intercepted !!!
31/Aug/2022 09:02:25 AM - search_case - 612 - WARNING - Wait for against click intercepted !!!
31/Aug/2022 09:02:27 AM - search_case - 612 - WARNING - Wait for against click intercepted !!!
31/Aug/2022 09:02:29 AM - search_case - 612 - WARNING - Wait for against click intercepted !!!
31/Aug/2022 09:02:32 AM - search_case - 612 - WARNING - Wait for against click intercepted !!!
31/Aug/2022 09:02:34 AM - search_case - 612 - WARNING - Wait for against click intercepted !!!
31/Aug/2022 09:02:36 AM - search_case - 612 - WARNING - Wait for against click intercepted !!!
31/Aug/2022 09:02:43 AM - search_case - 623 - INFO - Status of FA-0556514 >>> Inspection & Review
31/Aug/2022 09:02:44 AM - move_case - 518 - DEBUG - No. Of window handles2: 2 >>>  ['CDwindow-70527888FEC72706968969A378B90738', 'CDwindow-D80ACF26880D4B27507B73D883EFEB03']
31/Aug/2022 09:02:44 AM - move_case - 525 - DEBUG - Change Status Window: Change Status >>> ['CDwindow-70527888FEC72706968969A378B90738', 'CDwindow-D80ACF26880D4B27507B73D883EFEB03']
31/Aug/2022 09:03:24 AM - search_case - 600 - INFO - FA Case >>> FA-0556514
31/Aug/2022 09:03:29 AM - search_case - 623 - INFO - Status of FA-0556514 >>> Pending Closure Approval
31/Aug/2022 09:03:40 AM - search_case - 600 - INFO - FA Case >>> FA-0557147
31/Aug/2022 09:03:46 AM - search_case - 623 - INFO - Status of FA-0557147 >>> Inspection & Review
31/Aug/2022 09:03:47 AM - search_case - 600 - INFO - FA Case >>> FA-0557147
31/Aug/2022 09:03:53 AM - search_case - 623 - INFO - Status of FA-0557147 >>> Inspection & Review
31/Aug/2022 09:03:55 AM - update_qms_data - 234 - DEBUG - 1
31/Aug/2022 09:03:56 AM - update_qms_data - 259 - DEBUG - Check Sort is pass.
31/Aug/2022 09:03:57 AM - update_qms_data - 273 - INFO - Exact rows >>> 1 Rows number >>> 2
31/Aug/2022 09:03:57 AM - update_qms_data - 287 - DEBUG - <selenium.webdriver.remote.webelement.WebElement (session="7ab2e72b156c52c57127bd1ec949b689", element="05a7d128-db91-4af1-976b-97c87de134ce")>
31/Aug/2022 09:03:57 AM - update_qms_data - 314 - INFO - FA FLAG >>> Yes
31/Aug/2022 09:03:57 AM - update_qms_data - 332 - INFO - Serial Number >>> AVM2044U3G2
31/Aug/2022 09:03:57 AM - update_qms_data - 336 - INFO - Dispose to >>> Scrap
31/Aug/2022 09:03:59 AM - update_qms_data - 383 - DEBUG - Check Render >>> PID Result/Failure Mode/Failure Code : PID Result/Failure Mode/Failure Code
31/Aug/2022 09:03:59 AM - search_case - 600 - INFO - FA Case >>> FA-0557147
31/Aug/2022 09:04:00 AM - search_case - 612 - WARNING - Wait for against click intercepted !!!
31/Aug/2022 09:04:02 AM - search_case - 612 - WARNING - Wait for against click intercepted !!!
31/Aug/2022 09:04:04 AM - search_case - 612 - WARNING - Wait for against click intercepted !!!
31/Aug/2022 09:04:06 AM - search_case - 612 - WARNING - Wait for against click intercepted !!!
31/Aug/2022 09:04:09 AM - search_case - 612 - WARNING - Wait for against click intercepted !!!
31/Aug/2022 09:04:11 AM - search_case - 612 - WARNING - Wait for against click intercepted !!!
31/Aug/2022 09:04:13 AM - search_case - 612 - WARNING - Wait for against click intercepted !!!
31/Aug/2022 09:04:15 AM - search_case - 612 - WARNING - Wait for against click intercepted !!!
31/Aug/2022 09:04:17 AM - search_case - 612 - WARNING - Wait for against click intercepted !!!
31/Aug/2022 09:04:19 AM - search_case - 612 - WARNING - Wait for against click intercepted !!!
31/Aug/2022 09:04:21 AM - search_case - 612 - WARNING - Wait for against click intercepted !!!
31/Aug/2022 09:04:23 AM - search_case - 612 - WARNING - Wait for against click intercepted !!!
31/Aug/2022 09:04:25 AM - search_case - 612 - WARNING - Wait for against click intercepted !!!
31/Aug/2022 09:04:27 AM - search_case - 612 - WARNING - Wait for against click intercepted !!!
31/Aug/2022 09:04:29 AM - search_case - 612 - WARNING - Wait for against click intercepted !!!
31/Aug/2022 09:04:32 AM - search_case - 612 - WARNING - Wait for against click intercepted !!!
31/Aug/2022 09:04:34 AM - search_case - 612 - WARNING - Wait for against click intercepted !!!
31/Aug/2022 09:04:36 AM - search_case - 612 - WARNING - Wait for against click intercepted !!!
31/Aug/2022 09:04:38 AM - search_case - 612 - WARNING - Wait for against click intercepted !!!
31/Aug/2022 09:04:40 AM - search_case - 612 - WARNING - Wait for against click intercepted !!!
31/Aug/2022 09:04:42 AM - search_case - 612 - WARNING - Wait for against click intercepted !!!
31/Aug/2022 09:04:48 AM - search_case - 623 - INFO - Status of FA-0557147 >>> Inspection & Review
31/Aug/2022 09:04:50 AM - move_case - 518 - DEBUG - No. Of window handles2: 2 >>>  ['CDwindow-70527888FEC72706968969A378B90738', 'CDwindow-CC03BFD22015BA127DA09B5EF573A863']
31/Aug/2022 09:04:50 AM - move_case - 525 - DEBUG - Change Status Window: Change Status >>> ['CDwindow-70527888FEC72706968969A378B90738', 'CDwindow-CC03BFD22015BA127DA09B5EF573A863']
31/Aug/2022 09:05:16 AM - search_case - 600 - INFO - FA Case >>> FA-0557147
31/Aug/2022 09:05:21 AM - search_case - 623 - INFO - Status of FA-0557147 >>> Pending Closure Approval
31/Aug/2022 09:05:31 AM - search_case - 600 - INFO - FA Case >>> FA-0557148
31/Aug/2022 09:05:36 AM - search_case - 623 - INFO - Status of FA-0557148 >>> Inspection & Review
31/Aug/2022 09:05:37 AM - search_case - 600 - INFO - FA Case >>> FA-0557148
31/Aug/2022 09:05:43 AM - search_case - 623 - INFO - Status of FA-0557148 >>> Inspection & Review
31/Aug/2022 09:05:45 AM - update_qms_data - 234 - DEBUG - 1
31/Aug/2022 09:05:46 AM - update_qms_data - 259 - DEBUG - Check Sort is pass.
31/Aug/2022 09:05:47 AM - update_qms_data - 273 - INFO - Exact rows >>> 1 Rows number >>> 2
31/Aug/2022 09:05:47 AM - update_qms_data - 287 - DEBUG - <selenium.webdriver.remote.webelement.WebElement (session="7ab2e72b156c52c57127bd1ec949b689", element="250211a5-d453-4adf-88a5-be008c62202f")>
31/Aug/2022 09:05:47 AM - update_qms_data - 314 - INFO - FA FLAG >>> Yes
31/Aug/2022 09:05:47 AM - update_qms_data - 332 - INFO - Serial Number >>> AVF2036U3WF
31/Aug/2022 09:05:47 AM - update_qms_data - 336 - INFO - Dispose to >>> Scrap
31/Aug/2022 09:05:49 AM - update_qms_data - 383 - DEBUG - Check Render >>> PID Result/Failure Mode/Failure Code : PID Result/Failure Mode/Failure Code
31/Aug/2022 09:05:49 AM - search_case - 600 - INFO - FA Case >>> FA-0557148
31/Aug/2022 09:05:50 AM - search_case - 612 - WARNING - Wait for against click intercepted !!!
31/Aug/2022 09:05:52 AM - search_case - 612 - WARNING - Wait for against click intercepted !!!
31/Aug/2022 09:05:54 AM - search_case - 612 - WARNING - Wait for against click intercepted !!!
31/Aug/2022 09:05:56 AM - search_case - 612 - WARNING - Wait for against click intercepted !!!
31/Aug/2022 09:05:58 AM - search_case - 612 - WARNING - Wait for against click intercepted !!!
31/Aug/2022 09:06:01 AM - search_case - 612 - WARNING - Wait for against click intercepted !!!
31/Aug/2022 09:06:03 AM - search_case - 612 - WARNING - Wait for against click intercepted !!!
31/Aug/2022 09:06:09 AM - search_case - 623 - INFO - Status of FA-0557148 >>> Inspection & Review
31/Aug/2022 09:06:11 AM - move_case - 518 - DEBUG - No. Of window handles2: 2 >>>  ['CDwindow-70527888FEC72706968969A378B90738', 'CDwindow-4D3EF5218BDE0E88A8601A89A24C982C']
31/Aug/2022 09:06:11 AM - move_case - 525 - DEBUG - Change Status Window: Change Status >>> ['CDwindow-70527888FEC72706968969A378B90738', 'CDwindow-4D3EF5218BDE0E88A8601A89A24C982C']
31/Aug/2022 09:06:59 AM - search_case - 600 - INFO - FA Case >>> FA-0557148
31/Aug/2022 09:07:04 AM - search_case - 623 - INFO - Status of FA-0557148 >>> Pending Closure Approval
31/Aug/2022 09:07:19 AM - search_case - 600 - INFO - FA Case >>> FA-0558313
31/Aug/2022 09:07:24 AM - search_case - 623 - INFO - Status of FA-0558313 >>> Inspection & Review
31/Aug/2022 09:07:25 AM - search_case - 600 - INFO - FA Case >>> FA-0558313
31/Aug/2022 09:07:31 AM - search_case - 623 - INFO - Status of FA-0558313 >>> Inspection & Review
31/Aug/2022 09:07:33 AM - update_qms_data - 234 - DEBUG - 1
31/Aug/2022 09:07:34 AM - update_qms_data - 259 - DEBUG - Check Sort is pass.
31/Aug/2022 09:07:35 AM - update_qms_data - 273 - INFO - Exact rows >>> 1 Rows number >>> 2
31/Aug/2022 09:07:35 AM - update_qms_data - 287 - DEBUG - <selenium.webdriver.remote.webelement.WebElement (session="7ab2e72b156c52c57127bd1ec949b689", element="ebe6d3a1-5a8f-4bcc-b977-15823f6415dd")>
31/Aug/2022 09:07:35 AM - update_qms_data - 314 - INFO - FA FLAG >>> Yes
31/Aug/2022 09:07:35 AM - update_qms_data - 332 - INFO - Serial Number >>> ONT174202UK
31/Aug/2022 09:07:35 AM - update_qms_data - 336 - INFO - Dispose to >>> Scrap
31/Aug/2022 09:07:37 AM - update_qms_data - 383 - DEBUG - Check Render >>> PID Result/Failure Mode/Failure Code : PID Result/Failure Mode/Failure Code
31/Aug/2022 09:07:37 AM - search_case - 600 - INFO - FA Case >>> FA-0558313
31/Aug/2022 09:07:38 AM - search_case - 612 - WARNING - Wait for against click intercepted !!!
31/Aug/2022 09:07:40 AM - search_case - 612 - WARNING - Wait for against click intercepted !!!
31/Aug/2022 09:07:42 AM - search_case - 612 - WARNING - Wait for against click intercepted !!!
31/Aug/2022 09:07:44 AM - search_case - 612 - WARNING - Wait for against click intercepted !!!
31/Aug/2022 09:07:46 AM - search_case - 612 - WARNING - Wait for against click intercepted !!!
31/Aug/2022 09:07:48 AM - search_case - 612 - WARNING - Wait for against click intercepted !!!
31/Aug/2022 09:07:50 AM - search_case - 612 - WARNING - Wait for against click intercepted !!!
31/Aug/2022 09:07:56 AM - search_case - 623 - INFO - Status of FA-0558313 >>> Inspection & Review
31/Aug/2022 09:07:58 AM - move_case - 518 - DEBUG - No. Of window handles2: 2 >>>  ['CDwindow-70527888FEC72706968969A378B90738', 'CDwindow-4A0CC60EC1CFC9AA7633A30E6B5A157D']
31/Aug/2022 09:07:58 AM - move_case - 525 - DEBUG - Change Status Window: Change Status >>> ['CDwindow-70527888FEC72706968969A378B90738', 'CDwindow-4A0CC60EC1CFC9AA7633A30E6B5A157D']
31/Aug/2022 09:08:59 AM - search_case - 600 - INFO - FA Case >>> FA-0558313
31/Aug/2022 09:09:05 AM - search_case - 623 - INFO - Status of FA-0558313 >>> Pending Closure Approval
31/Aug/2022 09:09:14 AM - search_case - 600 - INFO - FA Case >>> FA-0558861
31/Aug/2022 09:09:20 AM - search_case - 623 - INFO - Status of FA-0558861 >>> Inspection & Review
31/Aug/2022 09:09:21 AM - search_case - 600 - INFO - FA Case >>> FA-0558861
31/Aug/2022 09:09:28 AM - search_case - 623 - INFO - Status of FA-0558861 >>> Inspection & Review
31/Aug/2022 09:09:30 AM - update_qms_data - 234 - DEBUG - 1
31/Aug/2022 09:09:31 AM - update_qms_data - 259 - DEBUG - Check Sort is pass.
31/Aug/2022 09:09:32 AM - update_qms_data - 273 - INFO - Exact rows >>> 1 Rows number >>> 2
31/Aug/2022 09:09:32 AM - update_qms_data - 287 - DEBUG - <selenium.webdriver.remote.webelement.WebElement (session="7ab2e72b156c52c57127bd1ec949b689", element="5b025fe1-c187-4618-ae90-9d11c5aa35c3")>
31/Aug/2022 09:09:32 AM - update_qms_data - 314 - INFO - FA FLAG >>> Yes
31/Aug/2022 09:09:32 AM - update_qms_data - 332 - INFO - Serial Number >>> FNS201316FB
31/Aug/2022 09:09:32 AM - update_qms_data - 336 - INFO - Dispose to >>> Scrap
31/Aug/2022 09:09:33 AM - update_qms_data - 383 - DEBUG - Check Render >>> PID Result/Failure Mode/Failure Code : PID Result/Failure Mode/Failure Code
31/Aug/2022 09:09:34 AM - search_case - 600 - INFO - FA Case >>> FA-0558861
31/Aug/2022 09:09:35 AM - search_case - 612 - WARNING - Wait for against click intercepted !!!
31/Aug/2022 09:09:37 AM - search_case - 612 - WARNING - Wait for against click intercepted !!!
31/Aug/2022 09:09:39 AM - search_case - 612 - WARNING - Wait for against click intercepted !!!
31/Aug/2022 09:09:41 AM - search_case - 612 - WARNING - Wait for against click intercepted !!!
31/Aug/2022 09:09:43 AM - search_case - 612 - WARNING - Wait for against click intercepted !!!
31/Aug/2022 09:09:45 AM - search_case - 612 - WARNING - Wait for against click intercepted !!!
31/Aug/2022 09:09:47 AM - search_case - 612 - WARNING - Wait for against click intercepted !!!
31/Aug/2022 09:09:49 AM - search_case - 612 - WARNING - Wait for against click intercepted !!!
31/Aug/2022 09:09:51 AM - search_case - 612 - WARNING - Wait for against click intercepted !!!
31/Aug/2022 09:09:53 AM - search_case - 612 - WARNING - Wait for against click intercepted !!!
31/Aug/2022 09:09:56 AM - search_case - 612 - WARNING - Wait for against click intercepted !!!
31/Aug/2022 09:09:58 AM - search_case - 612 - WARNING - Wait for against click intercepted !!!
31/Aug/2022 09:10:00 AM - search_case - 612 - WARNING - Wait for against click intercepted !!!
31/Aug/2022 09:10:02 AM - search_case - 612 - WARNING - Wait for against click intercepted !!!
31/Aug/2022 09:10:04 AM - search_case - 612 - WARNING - Wait for against click intercepted !!!
31/Aug/2022 09:10:06 AM - search_case - 612 - WARNING - Wait for against click intercepted !!!
31/Aug/2022 09:10:08 AM - search_case - 612 - WARNING - Wait for against click intercepted !!!
31/Aug/2022 09:10:10 AM - search_case - 612 - WARNING - Wait for against click intercepted !!!
31/Aug/2022 09:10:12 AM - search_case - 612 - WARNING - Wait for against click intercepted !!!
31/Aug/2022 09:10:14 AM - search_case - 612 - WARNING - Wait for against click intercepted !!!
31/Aug/2022 09:10:16 AM - search_case - 612 - WARNING - Wait for against click intercepted !!!
31/Aug/2022 09:10:19 AM - search_case - 612 - WARNING - Wait for against click intercepted !!!
31/Aug/2022 09:10:21 AM - search_case - 612 - WARNING - Wait for against click intercepted !!!
31/Aug/2022 09:10:23 AM - search_case - 612 - WARNING - Wait for against click intercepted !!!
31/Aug/2022 09:10:25 AM - search_case - 612 - WARNING - Wait for against click intercepted !!!
31/Aug/2022 09:10:27 AM - search_case - 612 - WARNING - Wait for against click intercepted !!!
31/Aug/2022 09:10:29 AM - search_case - 612 - WARNING - Wait for against click intercepted !!!
31/Aug/2022 09:10:31 AM - search_case - 612 - WARNING - Wait for against click intercepted !!!
31/Aug/2022 09:10:37 AM - search_case - 623 - INFO - Status of FA-0558861 >>> Inspection & Review
31/Aug/2022 09:10:39 AM - move_case - 518 - DEBUG - No. Of window handles2: 2 >>>  ['CDwindow-70527888FEC72706968969A378B90738', 'CDwindow-229BE09C99183B582ED299CCABB3EA66']
31/Aug/2022 09:10:39 AM - move_case - 525 - DEBUG - Change Status Window: Change Status >>> ['CDwindow-70527888FEC72706968969A378B90738', 'CDwindow-229BE09C99183B582ED299CCABB3EA66']
31/Aug/2022 09:11:15 AM - search_case - 600 - INFO - FA Case >>> FA-0558861
31/Aug/2022 09:11:20 AM - search_case - 623 - INFO - Status of FA-0558861 >>> Pending Closure Approval
31/Aug/2022 09:11:30 AM - search_case - 600 - INFO - FA Case >>> FA-0559254
31/Aug/2022 09:11:35 AM - search_case - 623 - INFO - Status of FA-0559254 >>> Inspection & Review
31/Aug/2022 09:11:36 AM - search_case - 600 - INFO - FA Case >>> FA-0559254
31/Aug/2022 09:11:42 AM - search_case - 623 - INFO - Status of FA-0559254 >>> Inspection & Review
31/Aug/2022 09:11:44 AM - update_qms_data - 234 - DEBUG - 1
31/Aug/2022 09:11:45 AM - update_qms_data - 259 - DEBUG - Check Sort is pass.
31/Aug/2022 09:11:46 AM - update_qms_data - 273 - INFO - Exact rows >>> 1 Rows number >>> 2
31/Aug/2022 09:11:46 AM - update_qms_data - 287 - DEBUG - <selenium.webdriver.remote.webelement.WebElement (session="7ab2e72b156c52c57127bd1ec949b689", element="e5f71acf-22d6-4117-be79-6ffe4d8639ed")>
31/Aug/2022 09:11:46 AM - update_qms_data - 314 - INFO - FA FLAG >>> Yes
31/Aug/2022 09:11:46 AM - update_qms_data - 332 - INFO - Serial Number >>> FNS20380Z93
31/Aug/2022 09:11:46 AM - update_qms_data - 336 - INFO - Dispose to >>> Scrap
31/Aug/2022 09:11:48 AM - update_qms_data - 383 - DEBUG - Check Render >>> PID Result/Failure Mode/Failure Code : PID Result/Failure Mode/Failure Code
31/Aug/2022 09:11:48 AM - search_case - 600 - INFO - FA Case >>> FA-0559254
31/Aug/2022 09:11:49 AM - search_case - 612 - WARNING - Wait for against click intercepted !!!
31/Aug/2022 09:11:51 AM - search_case - 612 - WARNING - Wait for against click intercepted !!!
31/Aug/2022 09:11:53 AM - search_case - 612 - WARNING - Wait for against click intercepted !!!
31/Aug/2022 09:11:55 AM - search_case - 612 - WARNING - Wait for against click intercepted !!!
31/Aug/2022 09:11:57 AM - search_case - 612 - WARNING - Wait for against click intercepted !!!
31/Aug/2022 09:11:59 AM - search_case - 612 - WARNING - Wait for against click intercepted !!!
31/Aug/2022 09:12:01 AM - search_case - 612 - WARNING - Wait for against click intercepted !!!
31/Aug/2022 09:12:04 AM - search_case - 612 - WARNING - Wait for against click intercepted !!!
31/Aug/2022 09:12:06 AM - search_case - 612 - WARNING - Wait for against click intercepted !!!
31/Aug/2022 09:12:08 AM - search_case - 612 - WARNING - Wait for against click intercepted !!!
31/Aug/2022 09:12:10 AM - search_case - 612 - WARNING - Wait for against click intercepted !!!
31/Aug/2022 09:12:12 AM - search_case - 612 - WARNING - Wait for against click intercepted !!!
31/Aug/2022 09:12:14 AM - search_case - 612 - WARNING - Wait for against click intercepted !!!
31/Aug/2022 09:12:16 AM - search_case - 612 - WARNING - Wait for against click intercepted !!!
31/Aug/2022 09:12:18 AM - search_case - 612 - WARNING - Wait for against click intercepted !!!
31/Aug/2022 09:12:20 AM - search_case - 612 - WARNING - Wait for against click intercepted !!!
31/Aug/2022 09:12:22 AM - search_case - 612 - WARNING - Wait for against click intercepted !!!
31/Aug/2022 09:12:24 AM - search_case - 612 - WARNING - Wait for against click intercepted !!!
31/Aug/2022 09:12:27 AM - search_case - 612 - WARNING - Wait for against click intercepted !!!
31/Aug/2022 09:12:29 AM - search_case - 612 - WARNING - Wait for against click intercepted !!!
31/Aug/2022 09:12:31 AM - search_case - 612 - WARNING - Wait for against click intercepted !!!
31/Aug/2022 09:12:33 AM - search_case - 612 - WARNING - Wait for against click intercepted !!!
31/Aug/2022 09:12:35 AM - search_case - 612 - WARNING - Wait for against click intercepted !!!
31/Aug/2022 09:12:37 AM - search_case - 612 - WARNING - Wait for against click intercepted !!!
31/Aug/2022 09:12:39 AM - search_case - 612 - WARNING - Wait for against click intercepted !!!
31/Aug/2022 09:12:41 AM - search_case - 612 - WARNING - Wait for against click intercepted !!!
31/Aug/2022 09:12:43 AM - search_case - 612 - WARNING - Wait for against click intercepted !!!
31/Aug/2022 09:12:45 AM - search_case - 612 - WARNING - Wait for against click intercepted !!!
31/Aug/2022 09:12:47 AM - search_case - 612 - WARNING - Wait for against click intercepted !!!
31/Aug/2022 09:12:54 AM - search_case - 623 - INFO - Status of FA-0559254 >>> Inspection & Review
31/Aug/2022 09:12:56 AM - move_case - 518 - DEBUG - No. Of window handles2: 2 >>>  ['CDwindow-70527888FEC72706968969A378B90738', 'CDwindow-2F56571A634FD21A72A77D2D51BE15A1']
31/Aug/2022 09:12:56 AM - move_case - 525 - DEBUG - Change Status Window: Change Status >>> ['CDwindow-70527888FEC72706968969A378B90738', 'CDwindow-2F56571A634FD21A72A77D2D51BE15A1']
31/Aug/2022 09:13:45 AM - search_case - 600 - INFO - FA Case >>> FA-0559254
31/Aug/2022 09:13:50 AM - search_case - 623 - INFO - Status of FA-0559254 >>> Pending Closure Approval
31/Aug/2022 09:14:02 AM - search_case - 600 - INFO - FA Case >>> FA-0559751
31/Aug/2022 09:14:07 AM - search_case - 623 - INFO - Status of FA-0559751 >>> Inspection & Review
31/Aug/2022 09:14:09 AM - search_case - 600 - INFO - FA Case >>> FA-0559751
31/Aug/2022 09:14:15 AM - search_case - 623 - INFO - Status of FA-0559751 >>> Inspection & Review
31/Aug/2022 09:14:17 AM - update_qms_data - 234 - DEBUG - 1
31/Aug/2022 09:14:18 AM - update_qms_data - 259 - DEBUG - Check Sort is pass.
31/Aug/2022 09:14:19 AM - update_qms_data - 273 - INFO - Exact rows >>> 1 Rows number >>> 2
31/Aug/2022 09:14:19 AM - update_qms_data - 287 - DEBUG - <selenium.webdriver.remote.webelement.WebElement (session="7ab2e72b156c52c57127bd1ec949b689", element="cc04bed9-520a-4544-9228-1a61c3f691e5")>
31/Aug/2022 09:14:19 AM - update_qms_data - 314 - INFO - FA FLAG >>> Yes
31/Aug/2022 09:14:19 AM - update_qms_data - 332 - INFO - Serial Number >>> FNS19260ESW
31/Aug/2022 09:14:19 AM - update_qms_data - 336 - INFO - Dispose to >>> Scrap
31/Aug/2022 09:14:21 AM - update_qms_data - 383 - DEBUG - Check Render >>> PID Result/Failure Mode/Failure Code : PID Result/Failure Mode/Failure Code
31/Aug/2022 09:14:21 AM - search_case - 600 - INFO - FA Case >>> FA-0559751
31/Aug/2022 09:14:22 AM - search_case - 612 - WARNING - Wait for against click intercepted !!!
31/Aug/2022 09:14:24 AM - search_case - 612 - WARNING - Wait for against click intercepted !!!
31/Aug/2022 09:14:26 AM - search_case - 612 - WARNING - Wait for against click intercepted !!!
31/Aug/2022 09:14:28 AM - search_case - 612 - WARNING - Wait for against click intercepted !!!
31/Aug/2022 09:14:31 AM - search_case - 612 - WARNING - Wait for against click intercepted !!!
31/Aug/2022 09:14:33 AM - search_case - 612 - WARNING - Wait for against click intercepted !!!
31/Aug/2022 09:14:35 AM - search_case - 612 - WARNING - Wait for against click intercepted !!!
31/Aug/2022 09:14:37 AM - search_case - 612 - WARNING - Wait for against click intercepted !!!
31/Aug/2022 09:14:39 AM - search_case - 612 - WARNING - Wait for against click intercepted !!!
31/Aug/2022 09:14:41 AM - search_case - 612 - WARNING - Wait for against click intercepted !!!
31/Aug/2022 09:14:43 AM - search_case - 612 - WARNING - Wait for against click intercepted !!!
31/Aug/2022 09:14:45 AM - search_case - 612 - WARNING - Wait for against click intercepted !!!
31/Aug/2022 09:14:47 AM - search_case - 612 - WARNING - Wait for against click intercepted !!!
31/Aug/2022 09:14:49 AM - search_case - 612 - WARNING - Wait for against click intercepted !!!
31/Aug/2022 09:14:51 AM - search_case - 612 - WARNING - Wait for against click intercepted !!!
31/Aug/2022 09:14:53 AM - search_case - 612 - WARNING - Wait for against click intercepted !!!
31/Aug/2022 09:14:55 AM - search_case - 612 - WARNING - Wait for against click intercepted !!!
31/Aug/2022 09:14:58 AM - search_case - 612 - WARNING - Wait for against click intercepted !!!
31/Aug/2022 09:15:00 AM - search_case - 612 - WARNING - Wait for against click intercepted !!!
31/Aug/2022 09:15:02 AM - search_case - 612 - WARNING - Wait for against click intercepted !!!
31/Aug/2022 09:15:04 AM - search_case - 612 - WARNING - Wait for against click intercepted !!!
31/Aug/2022 09:15:06 AM - search_case - 612 - WARNING - Wait for against click intercepted !!!
31/Aug/2022 09:15:08 AM - search_case - 612 - WARNING - Wait for against click intercepted !!!
31/Aug/2022 09:15:10 AM - search_case - 612 - WARNING - Wait for against click intercepted !!!
31/Aug/2022 09:15:16 AM - search_case - 623 - INFO - Status of FA-0559751 >>> Inspection & Review
31/Aug/2022 09:15:18 AM - move_case - 518 - DEBUG - No. Of window handles2: 2 >>>  ['CDwindow-70527888FEC72706968969A378B90738', 'CDwindow-52C536A00C4C91569381BBF0B4B8FB7E']
31/Aug/2022 09:15:18 AM - move_case - 525 - DEBUG - Change Status Window: Change Status >>> ['CDwindow-70527888FEC72706968969A378B90738', 'CDwindow-52C536A00C4C91569381BBF0B4B8FB7E']
31/Aug/2022 09:16:41 AM - search_case - 600 - INFO - FA Case >>> FA-0559751
31/Aug/2022 09:16:46 AM - search_case - 623 - INFO - Status of FA-0559751 >>> Pending Closure Approval
31/Aug/2022 09:17:08 AM - search_case - 600 - INFO - FA Case >>> FA-0560741
31/Aug/2022 09:17:14 AM - search_case - 623 - INFO - Status of FA-0560741 >>> Inspection & Review
31/Aug/2022 09:17:15 AM - search_case - 600 - INFO - FA Case >>> FA-0560741
31/Aug/2022 09:17:20 AM - search_case - 623 - INFO - Status of FA-0560741 >>> Inspection & Review
31/Aug/2022 09:17:22 AM - update_qms_data - 234 - DEBUG - 1
31/Aug/2022 09:17:23 AM - update_qms_data - 259 - DEBUG - Check Sort is pass.
31/Aug/2022 09:17:24 AM - update_qms_data - 273 - INFO - Exact rows >>> 1 Rows number >>> 2
31/Aug/2022 09:17:24 AM - update_qms_data - 287 - DEBUG - <selenium.webdriver.remote.webelement.WebElement (session="7ab2e72b156c52c57127bd1ec949b689", element="ffa60ae8-69ae-4e4f-85e8-911d3296d99e")>
31/Aug/2022 09:17:24 AM - update_qms_data - 314 - INFO - FA FLAG >>> Yes
31/Aug/2022 09:17:24 AM - update_qms_data - 332 - INFO - Serial Number >>> MDM2125056F
31/Aug/2022 09:17:24 AM - update_qms_data - 336 - INFO - Dispose to >>> Scrap
31/Aug/2022 09:17:26 AM - update_qms_data - 383 - DEBUG - Check Render >>> PID Result/Failure Mode/Failure Code : PID Result/Failure Mode/Failure Code
31/Aug/2022 09:17:26 AM - search_case - 600 - INFO - FA Case >>> FA-0560741
31/Aug/2022 09:17:27 AM - search_case - 612 - WARNING - Wait for against click intercepted !!!
31/Aug/2022 09:17:29 AM - search_case - 612 - WARNING - Wait for against click intercepted !!!
31/Aug/2022 09:17:31 AM - search_case - 612 - WARNING - Wait for against click intercepted !!!
31/Aug/2022 09:17:34 AM - search_case - 612 - WARNING - Wait for against click intercepted !!!
31/Aug/2022 09:17:36 AM - search_case - 612 - WARNING - Wait for against click intercepted !!!
31/Aug/2022 09:17:38 AM - search_case - 612 - WARNING - Wait for against click intercepted !!!
31/Aug/2022 09:17:40 AM - search_case - 612 - WARNING - Wait for against click intercepted !!!
31/Aug/2022 09:17:42 AM - search_case - 612 - WARNING - Wait for against click intercepted !!!
31/Aug/2022 09:17:44 AM - search_case - 612 - WARNING - Wait for against click intercepted !!!
31/Aug/2022 09:17:46 AM - search_case - 612 - WARNING - Wait for against click intercepted !!!
31/Aug/2022 09:17:48 AM - search_case - 612 - WARNING - Wait for against click intercepted !!!
31/Aug/2022 09:17:50 AM - search_case - 612 - WARNING - Wait for against click intercepted !!!
31/Aug/2022 09:17:52 AM - search_case - 612 - WARNING - Wait for against click intercepted !!!
31/Aug/2022 09:17:54 AM - search_case - 612 - WARNING - Wait for against click intercepted !!!
31/Aug/2022 09:17:56 AM - search_case - 612 - WARNING - Wait for against click intercepted !!!
31/Aug/2022 09:17:59 AM - search_case - 612 - WARNING - Wait for against click intercepted !!!
31/Aug/2022 09:18:01 AM - search_case - 612 - WARNING - Wait for against click intercepted !!!
31/Aug/2022 09:18:03 AM - search_case - 612 - WARNING - Wait for against click intercepted !!!
31/Aug/2022 09:18:05 AM - search_case - 612 - WARNING - Wait for against click intercepted !!!
31/Aug/2022 09:18:07 AM - search_case - 612 - WARNING - Wait for against click intercepted !!!
31/Aug/2022 09:18:09 AM - search_case - 612 - WARNING - Wait for against click intercepted !!!
31/Aug/2022 09:18:11 AM - search_case - 612 - WARNING - Wait for against click intercepted !!!
31/Aug/2022 09:18:19 AM - search_case - 623 - INFO - Status of FA-0560741 >>> Inspection & Review
31/Aug/2022 09:18:21 AM - move_case - 518 - DEBUG - No. Of window handles2: 2 >>>  ['CDwindow-70527888FEC72706968969A378B90738', 'CDwindow-5A73EB852778978DDEBE1E74E1CFE1AB']
31/Aug/2022 09:18:21 AM - move_case - 525 - DEBUG - Change Status Window: Change Status >>> ['CDwindow-70527888FEC72706968969A378B90738', 'CDwindow-5A73EB852778978DDEBE1E74E1CFE1AB']
31/Aug/2022 09:20:04 AM - search_case - 600 - INFO - FA Case >>> FA-0560741
31/Aug/2022 09:20:10 AM - search_case - 623 - INFO - Status of FA-0560741 >>> Pending Closure Approval
31/Aug/2022 09:20:55 AM - search_case - 600 - INFO - FA Case >>> FA-0560875
31/Aug/2022 09:21:00 AM - search_case - 623 - INFO - Status of FA-0560875 >>> Inspection & Review
31/Aug/2022 09:21:01 AM - search_case - 600 - INFO - FA Case >>> FA-0560875
31/Aug/2022 09:21:07 AM - search_case - 623 - INFO - Status of FA-0560875 >>> Inspection & Review
31/Aug/2022 09:21:10 AM - update_qms_data - 234 - DEBUG - 1
31/Aug/2022 09:21:11 AM - update_qms_data - 259 - DEBUG - Check Sort is pass.
31/Aug/2022 09:21:12 AM - update_qms_data - 273 - INFO - Exact rows >>> 1 Rows number >>> 2
31/Aug/2022 09:21:12 AM - update_qms_data - 287 - DEBUG - <selenium.webdriver.remote.webelement.WebElement (session="7ab2e72b156c52c57127bd1ec949b689", element="bdb6187a-abb9-446b-8bdf-c815006c6c2d")>
31/Aug/2022 09:21:12 AM - update_qms_data - 314 - INFO - FA FLAG >>> Yes
31/Aug/2022 09:21:12 AM - update_qms_data - 332 - INFO - Serial Number >>> AGA1642R2GS
31/Aug/2022 09:21:12 AM - update_qms_data - 336 - INFO - Dispose to >>> Scrap
31/Aug/2022 09:21:13 AM - update_qms_data - 383 - DEBUG - Check Render >>> PID Result/Failure Mode/Failure Code : PID Result/Failure Mode/Failure Code
31/Aug/2022 09:21:14 AM - search_case - 600 - INFO - FA Case >>> FA-0560875
31/Aug/2022 09:21:15 AM - search_case - 612 - WARNING - Wait for against click intercepted !!!
31/Aug/2022 09:21:17 AM - search_case - 612 - WARNING - Wait for against click intercepted !!!
31/Aug/2022 09:21:19 AM - search_case - 612 - WARNING - Wait for against click intercepted !!!
31/Aug/2022 09:21:21 AM - search_case - 612 - WARNING - Wait for against click intercepted !!!
31/Aug/2022 09:21:23 AM - search_case - 612 - WARNING - Wait for against click intercepted !!!
31/Aug/2022 09:21:25 AM - search_case - 612 - WARNING - Wait for against click intercepted !!!
31/Aug/2022 09:21:27 AM - search_case - 612 - WARNING - Wait for against click intercepted !!!
31/Aug/2022 09:21:29 AM - search_case - 612 - WARNING - Wait for against click intercepted !!!
31/Aug/2022 09:21:31 AM - search_case - 612 - WARNING - Wait for against click intercepted !!!
31/Aug/2022 09:21:34 AM - search_case - 612 - WARNING - Wait for against click intercepted !!!
31/Aug/2022 09:21:36 AM - search_case - 612 - WARNING - Wait for against click intercepted !!!
31/Aug/2022 09:21:42 AM - search_case - 623 - INFO - Status of FA-0560875 >>> Inspection & Review
31/Aug/2022 09:21:44 AM - move_case - 518 - DEBUG - No. Of window handles2: 2 >>>  ['CDwindow-70527888FEC72706968969A378B90738', 'CDwindow-C037178629F559132A0E8D912C97E93B']
31/Aug/2022 09:21:44 AM - move_case - 525 - DEBUG - Change Status Window: Change Status >>> ['CDwindow-70527888FEC72706968969A378B90738', 'CDwindow-C037178629F559132A0E8D912C97E93B']
31/Aug/2022 09:22:41 AM - search_case - 600 - INFO - FA Case >>> FA-0560875
31/Aug/2022 09:22:45 AM - search_case - 623 - INFO - Status of FA-0560875 >>> Pending Closure Approval
31/Aug/2022 09:22:59 AM - search_case - 600 - INFO - FA Case >>> FA-0561460
31/Aug/2022 09:23:06 AM - search_case - 623 - INFO - Status of FA-0561460 >>> Inspection & Review
31/Aug/2022 09:23:07 AM - search_case - 600 - INFO - FA Case >>> FA-0561460
31/Aug/2022 09:23:13 AM - search_case - 623 - INFO - Status of FA-0561460 >>> Inspection & Review
31/Aug/2022 09:23:15 AM - update_qms_data - 234 - DEBUG - 2
31/Aug/2022 09:23:16 AM - update_qms_data - 259 - DEBUG - Check Sort is pass.
31/Aug/2022 09:23:17 AM - update_qms_data - 273 - INFO - Exact rows >>> 2 Rows number >>> 4
31/Aug/2022 09:23:17 AM - update_qms_data - 287 - DEBUG - <selenium.webdriver.remote.webelement.WebElement (session="7ab2e72b156c52c57127bd1ec949b689", element="f76ca7ed-284e-4661-9278-c8c3c4cbda44")>
31/Aug/2022 09:23:17 AM - update_qms_data - 314 - INFO - FA FLAG >>> Yes
31/Aug/2022 09:23:17 AM - update_qms_data - 332 - INFO - Serial Number >>> ONT100500D2
31/Aug/2022 09:23:17 AM - update_qms_data - 336 - INFO - Dispose to >>> Scrap
31/Aug/2022 09:23:19 AM - update_qms_data - 383 - DEBUG - Check Render >>> PID Result/Failure Mode/Failure Code : PID Result/Failure Mode/Failure Code
31/Aug/2022 09:23:19 AM - update_qms_data - 287 - DEBUG - <selenium.webdriver.remote.webelement.WebElement (session="7ab2e72b156c52c57127bd1ec949b689", element="89e3e27d-2234-4f92-96c8-6fe6c520fb79")>
31/Aug/2022 09:23:19 AM - update_qms_data - 314 - INFO - FA FLAG >>> Yes
31/Aug/2022 09:23:19 AM - update_qms_data - 332 - INFO - Serial Number >>> ONT100500EE
31/Aug/2022 09:23:19 AM - update_qms_data - 336 - INFO - Dispose to >>> Scrap
31/Aug/2022 09:23:20 AM - update_qms_data - 383 - DEBUG - Check Render >>> PID Result/Failure Mode/Failure Code : PID Result/Failure Mode/Failure Code
31/Aug/2022 09:23:20 AM - search_case - 600 - INFO - FA Case >>> FA-0561460
31/Aug/2022 09:23:21 AM - search_case - 612 - WARNING - Wait for against click intercepted !!!
31/Aug/2022 09:23:23 AM - search_case - 612 - WARNING - Wait for against click intercepted !!!
31/Aug/2022 09:23:26 AM - search_case - 612 - WARNING - Wait for against click intercepted !!!
31/Aug/2022 09:23:28 AM - search_case - 612 - WARNING - Wait for against click intercepted !!!
31/Aug/2022 09:23:30 AM - search_case - 612 - WARNING - Wait for against click intercepted !!!
31/Aug/2022 09:23:32 AM - search_case - 612 - WARNING - Wait for against click intercepted !!!
31/Aug/2022 09:23:34 AM - search_case - 612 - WARNING - Wait for against click intercepted !!!
31/Aug/2022 09:23:36 AM - search_case - 612 - WARNING - Wait for against click intercepted !!!
31/Aug/2022 09:23:38 AM - search_case - 612 - WARNING - Wait for against click intercepted !!!
31/Aug/2022 09:23:40 AM - search_case - 612 - WARNING - Wait for against click intercepted !!!
31/Aug/2022 09:23:42 AM - search_case - 612 - WARNING - Wait for against click intercepted !!!
31/Aug/2022 09:23:44 AM - search_case - 612 - WARNING - Wait for against click intercepted !!!
31/Aug/2022 09:23:46 AM - search_case - 612 - WARNING - Wait for against click intercepted !!!
31/Aug/2022 09:23:49 AM - search_case - 612 - WARNING - Wait for against click intercepted !!!
31/Aug/2022 09:23:51 AM - search_case - 612 - WARNING - Wait for against click intercepted !!!
31/Aug/2022 09:23:53 AM - search_case - 612 - WARNING - Wait for against click intercepted !!!
31/Aug/2022 09:23:55 AM - search_case - 612 - WARNING - Wait for against click intercepted !!!
31/Aug/2022 09:23:57 AM - search_case - 612 - WARNING - Wait for against click intercepted !!!
31/Aug/2022 09:24:04 AM - search_case - 623 - INFO - Status of FA-0561460 >>> Inspection & Review
31/Aug/2022 09:24:05 AM - move_case - 518 - DEBUG - No. Of window handles2: 2 >>>  ['CDwindow-70527888FEC72706968969A378B90738', 'CDwindow-0DC78E1C7BC31670068B09984F0FE2DB']
31/Aug/2022 09:24:05 AM - move_case - 525 - DEBUG - Change Status Window: Change Status >>> ['CDwindow-70527888FEC72706968969A378B90738', 'CDwindow-0DC78E1C7BC31670068B09984F0FE2DB']
31/Aug/2022 09:25:29 AM - search_case - 600 - INFO - FA Case >>> FA-0561460
31/Aug/2022 09:25:34 AM - search_case - 623 - INFO - Status of FA-0561460 >>> Pending Closure Approval
31/Aug/2022 09:25:48 AM - search_case - 600 - INFO - FA Case >>> FA-0561502
31/Aug/2022 09:25:53 AM - search_case - 623 - INFO - Status of FA-0561502 >>> Inspection & Review
31/Aug/2022 09:25:54 AM - search_case - 600 - INFO - FA Case >>> FA-0561502
31/Aug/2022 09:26:01 AM - search_case - 623 - INFO - Status of FA-0561502 >>> Inspection & Review
31/Aug/2022 09:26:03 AM - update_qms_data - 234 - DEBUG - 1
31/Aug/2022 09:26:04 AM - update_qms_data - 259 - DEBUG - Check Sort is pass.
31/Aug/2022 09:26:05 AM - update_qms_data - 273 - INFO - Exact rows >>> 1 Rows number >>> 2
31/Aug/2022 09:26:05 AM - update_qms_data - 287 - DEBUG - <selenium.webdriver.remote.webelement.WebElement (session="7ab2e72b156c52c57127bd1ec949b689", element="cf70af12-79bf-420e-a521-436d1eb4c252")>
31/Aug/2022 09:26:05 AM - update_qms_data - 314 - INFO - FA FLAG >>> Yes
31/Aug/2022 09:26:05 AM - update_qms_data - 332 - INFO - Serial Number >>> SPC161302GP
31/Aug/2022 09:26:05 AM - update_qms_data - 336 - INFO - Dispose to >>> Scrap
31/Aug/2022 09:26:07 AM - update_qms_data - 383 - DEBUG - Check Render >>> PID Result/Failure Mode/Failure Code : PID Result/Failure Mode/Failure Code
31/Aug/2022 09:26:07 AM - search_case - 600 - INFO - FA Case >>> FA-0561502
31/Aug/2022 09:26:08 AM - search_case - 612 - WARNING - Wait for against click intercepted !!!
31/Aug/2022 09:26:10 AM - search_case - 612 - WARNING - Wait for against click intercepted !!!
31/Aug/2022 09:26:12 AM - search_case - 612 - WARNING - Wait for against click intercepted !!!
31/Aug/2022 09:26:14 AM - search_case - 612 - WARNING - Wait for against click intercepted !!!
31/Aug/2022 09:26:16 AM - search_case - 612 - WARNING - Wait for against click intercepted !!!
31/Aug/2022 09:26:18 AM - search_case - 612 - WARNING - Wait for against click intercepted !!!
31/Aug/2022 09:26:21 AM - search_case - 612 - WARNING - Wait for against click intercepted !!!
31/Aug/2022 09:26:23 AM - search_case - 612 - WARNING - Wait for against click intercepted !!!
31/Aug/2022 09:26:25 AM - search_case - 612 - WARNING - Wait for against click intercepted !!!
31/Aug/2022 09:26:27 AM - search_case - 612 - WARNING - Wait for against click intercepted !!!
31/Aug/2022 09:26:29 AM - search_case - 612 - WARNING - Wait for against click intercepted !!!
31/Aug/2022 09:26:31 AM - search_case - 612 - WARNING - Wait for against click intercepted !!!
31/Aug/2022 09:26:33 AM - search_case - 612 - WARNING - Wait for against click intercepted !!!
31/Aug/2022 09:26:35 AM - search_case - 612 - WARNING - Wait for against click intercepted !!!
31/Aug/2022 09:26:37 AM - search_case - 612 - WARNING - Wait for against click intercepted !!!
31/Aug/2022 09:26:39 AM - search_case - 612 - WARNING - Wait for against click intercepted !!!
31/Aug/2022 09:26:41 AM - search_case - 612 - WARNING - Wait for against click intercepted !!!
31/Aug/2022 09:26:44 AM - search_case - 612 - WARNING - Wait for against click intercepted !!!
31/Aug/2022 09:26:46 AM - search_case - 612 - WARNING - Wait for against click intercepted !!!
31/Aug/2022 09:26:48 AM - search_case - 612 - WARNING - Wait for against click intercepted !!!
31/Aug/2022 09:26:50 AM - search_case - 612 - WARNING - Wait for against click intercepted !!!
31/Aug/2022 09:26:52 AM - search_case - 612 - WARNING - Wait for against click intercepted !!!
31/Aug/2022 09:26:54 AM - search_case - 612 - WARNING - Wait for against click intercepted !!!
31/Aug/2022 09:26:56 AM - search_case - 612 - WARNING - Wait for against click intercepted !!!
31/Aug/2022 09:26:58 AM - search_case - 612 - WARNING - Wait for against click intercepted !!!
31/Aug/2022 09:27:04 AM - search_case - 623 - INFO - Status of FA-0561502 >>> Inspection & Review
31/Aug/2022 09:27:06 AM - move_case - 518 - DEBUG - No. Of window handles2: 2 >>>  ['CDwindow-70527888FEC72706968969A378B90738', 'CDwindow-84AC5F0522D557A6D068C6D8F0741FC2']
31/Aug/2022 09:27:06 AM - move_case - 525 - DEBUG - Change Status Window: Change Status >>> ['CDwindow-70527888FEC72706968969A378B90738', 'CDwindow-84AC5F0522D557A6D068C6D8F0741FC2']
31/Aug/2022 09:27:40 AM - search_case - 600 - INFO - FA Case >>> FA-0561502
31/Aug/2022 09:27:45 AM - search_case - 623 - INFO - Status of FA-0561502 >>> Pending Closure Approval
31/Aug/2022 09:27:55 AM - search_case - 600 - INFO - FA Case >>> FA-0562381
31/Aug/2022 09:28:00 AM - search_case - 623 - INFO - Status of FA-0562381 >>> Inspection & Review
31/Aug/2022 09:28:01 AM - search_case - 600 - INFO - FA Case >>> FA-0562381
31/Aug/2022 09:28:07 AM - search_case - 623 - INFO - Status of FA-0562381 >>> Inspection & Review
31/Aug/2022 09:28:09 AM - update_qms_data - 234 - DEBUG - 1
31/Aug/2022 09:28:10 AM - update_qms_data - 259 - DEBUG - Check Sort is pass.
31/Aug/2022 09:28:11 AM - update_qms_data - 273 - INFO - Exact rows >>> 1 Rows number >>> 2
31/Aug/2022 09:28:11 AM - update_qms_data - 287 - DEBUG - <selenium.webdriver.remote.webelement.WebElement (session="7ab2e72b156c52c57127bd1ec949b689", element="f6c33f56-af97-481d-9f2d-8c66cf07e5a5")>
31/Aug/2022 09:28:11 AM - update_qms_data - 314 - INFO - FA FLAG >>> Yes
31/Aug/2022 09:28:11 AM - update_qms_data - 332 - INFO - Serial Number >>> FNS21280UXU
31/Aug/2022 09:28:11 AM - update_qms_data - 336 - INFO - Dispose to >>> Scrap
31/Aug/2022 09:28:13 AM - update_qms_data - 383 - DEBUG - Check Render >>> PID Result/Failure Mode/Failure Code : PID Result/Failure Mode/Failure Code
31/Aug/2022 09:28:13 AM - search_case - 600 - INFO - FA Case >>> FA-0562381
31/Aug/2022 09:28:14 AM - search_case - 612 - WARNING - Wait for against click intercepted !!!
31/Aug/2022 09:28:16 AM - search_case - 612 - WARNING - Wait for against click intercepted !!!
31/Aug/2022 09:28:18 AM - search_case - 612 - WARNING - Wait for against click intercepted !!!
31/Aug/2022 09:28:20 AM - search_case - 612 - WARNING - Wait for against click intercepted !!!
31/Aug/2022 09:28:23 AM - search_case - 612 - WARNING - Wait for against click intercepted !!!
31/Aug/2022 09:28:25 AM - search_case - 612 - WARNING - Wait for against click intercepted !!!
31/Aug/2022 09:28:27 AM - search_case - 612 - WARNING - Wait for against click intercepted !!!
31/Aug/2022 09:28:29 AM - search_case - 612 - WARNING - Wait for against click intercepted !!!
31/Aug/2022 09:28:31 AM - search_case - 612 - WARNING - Wait for against click intercepted !!!
31/Aug/2022 09:28:33 AM - search_case - 612 - WARNING - Wait for against click intercepted !!!
31/Aug/2022 09:28:35 AM - search_case - 612 - WARNING - Wait for against click intercepted !!!
31/Aug/2022 09:28:37 AM - search_case - 612 - WARNING - Wait for against click intercepted !!!
31/Aug/2022 09:28:39 AM - search_case - 612 - WARNING - Wait for against click intercepted !!!
31/Aug/2022 09:28:41 AM - search_case - 612 - WARNING - Wait for against click intercepted !!!
31/Aug/2022 09:28:43 AM - search_case - 612 - WARNING - Wait for against click intercepted !!!
31/Aug/2022 09:28:46 AM - search_case - 612 - WARNING - Wait for against click intercepted !!!
31/Aug/2022 09:28:48 AM - search_case - 612 - WARNING - Wait for against click intercepted !!!
31/Aug/2022 09:28:50 AM - search_case - 612 - WARNING - Wait for against click intercepted !!!
31/Aug/2022 09:28:52 AM - search_case - 612 - WARNING - Wait for against click intercepted !!!
31/Aug/2022 09:28:57 AM - search_case - 623 - INFO - Status of FA-0562381 >>> Inspection & Review
31/Aug/2022 09:28:59 AM - move_case - 518 - DEBUG - No. Of window handles2: 2 >>>  ['CDwindow-70527888FEC72706968969A378B90738', 'CDwindow-A31EB2E6F940458911DE7BD4B92704BE']
31/Aug/2022 09:28:59 AM - move_case - 525 - DEBUG - Change Status Window: Change Status >>> ['CDwindow-70527888FEC72706968969A378B90738', 'CDwindow-A31EB2E6F940458911DE7BD4B92704BE']
31/Aug/2022 09:29:26 AM - search_case - 600 - INFO - FA Case >>> FA-0562381
31/Aug/2022 09:29:31 AM - search_case - 623 - INFO - Status of FA-0562381 >>> Pending Closure Approval
31/Aug/2022 09:29:41 AM - search_case - 600 - INFO - FA Case >>> FA-0562383
31/Aug/2022 09:29:46 AM - search_case - 623 - INFO - Status of FA-0562383 >>> Inspection & Review
31/Aug/2022 09:29:47 AM - search_case - 600 - INFO - FA Case >>> FA-0562383
31/Aug/2022 09:29:53 AM - search_case - 623 - INFO - Status of FA-0562383 >>> Inspection & Review
31/Aug/2022 09:29:55 AM - update_qms_data - 234 - DEBUG - 1
31/Aug/2022 09:29:56 AM - update_qms_data - 259 - DEBUG - Check Sort is pass.
31/Aug/2022 09:29:57 AM - update_qms_data - 273 - INFO - Exact rows >>> 1 Rows number >>> 2
31/Aug/2022 09:29:57 AM - update_qms_data - 287 - DEBUG - <selenium.webdriver.remote.webelement.WebElement (session="7ab2e72b156c52c57127bd1ec949b689", element="7acc9597-202b-44a6-a228-d80f932c8cea")>
31/Aug/2022 09:29:57 AM - update_qms_data - 314 - INFO - FA FLAG >>> Yes
31/Aug/2022 09:29:58 AM - update_qms_data - 332 - INFO - Serial Number >>> ONT21210063
31/Aug/2022 09:29:58 AM - update_qms_data - 336 - INFO - Dispose to >>> Scrap
31/Aug/2022 09:29:59 AM - update_qms_data - 383 - DEBUG - Check Render >>> PID Result/Failure Mode/Failure Code : PID Result/Failure Mode/Failure Code
31/Aug/2022 09:29:59 AM - search_case - 600 - INFO - FA Case >>> FA-0562383
31/Aug/2022 09:30:00 AM - search_case - 612 - WARNING - Wait for against click intercepted !!!
31/Aug/2022 09:30:02 AM - search_case - 612 - WARNING - Wait for against click intercepted !!!
31/Aug/2022 09:30:04 AM - search_case - 612 - WARNING - Wait for against click intercepted !!!
31/Aug/2022 09:30:07 AM - search_case - 612 - WARNING - Wait for against click intercepted !!!
31/Aug/2022 09:30:09 AM - search_case - 612 - WARNING - Wait for against click intercepted !!!
31/Aug/2022 09:30:11 AM - search_case - 612 - WARNING - Wait for against click intercepted !!!
31/Aug/2022 09:30:13 AM - search_case - 612 - WARNING - Wait for against click intercepted !!!
31/Aug/2022 09:30:15 AM - search_case - 612 - WARNING - Wait for against click intercepted !!!
31/Aug/2022 09:30:17 AM - search_case - 612 - WARNING - Wait for against click intercepted !!!
31/Aug/2022 09:30:19 AM - search_case - 612 - WARNING - Wait for against click intercepted !!!
31/Aug/2022 09:30:21 AM - search_case - 612 - WARNING - Wait for against click intercepted !!!
31/Aug/2022 09:30:23 AM - search_case - 612 - WARNING - Wait for against click intercepted !!!
31/Aug/2022 09:30:25 AM - search_case - 612 - WARNING - Wait for against click intercepted !!!
31/Aug/2022 09:30:28 AM - search_case - 612 - WARNING - Wait for against click intercepted !!!
31/Aug/2022 09:30:30 AM - search_case - 612 - WARNING - Wait for against click intercepted !!!
31/Aug/2022 09:30:32 AM - search_case - 612 - WARNING - Wait for against click intercepted !!!
31/Aug/2022 09:30:34 AM - search_case - 612 - WARNING - Wait for against click intercepted !!!
31/Aug/2022 09:30:36 AM - search_case - 612 - WARNING - Wait for against click intercepted !!!
31/Aug/2022 09:30:38 AM - search_case - 612 - WARNING - Wait for against click intercepted !!!
31/Aug/2022 09:30:40 AM - search_case - 612 - WARNING - Wait for against click intercepted !!!
31/Aug/2022 09:30:42 AM - search_case - 612 - WARNING - Wait for against click intercepted !!!
31/Aug/2022 09:30:44 AM - search_case - 612 - WARNING - Wait for against click intercepted !!!
31/Aug/2022 09:30:46 AM - search_case - 612 - WARNING - Wait for against click intercepted !!!
31/Aug/2022 09:30:48 AM - search_case - 612 - WARNING - Wait for against click intercepted !!!
31/Aug/2022 09:30:54 AM - search_case - 623 - INFO - Status of FA-0562383 >>> Inspection & Review
31/Aug/2022 09:30:55 AM - move_case - 518 - DEBUG - No. Of window handles2: 2 >>>  ['CDwindow-70527888FEC72706968969A378B90738', 'CDwindow-2FB24C6D01BAFCACBC8A7654D697B77A']
31/Aug/2022 09:30:55 AM - move_case - 525 - DEBUG - Change Status Window: Change Status >>> ['CDwindow-70527888FEC72706968969A378B90738', 'CDwindow-2FB24C6D01BAFCACBC8A7654D697B77A']
31/Aug/2022 09:31:38 AM - search_case - 600 - INFO - FA Case >>> FA-0562383
31/Aug/2022 09:31:43 AM - search_case - 623 - INFO - Status of FA-0562383 >>> Pending Closure Approval
31/Aug/2022 09:31:53 AM - search_case - 600 - INFO - FA Case >>> FA-0562579
31/Aug/2022 09:31:58 AM - search_case - 623 - INFO - Status of FA-0562579 >>> Inspection & Review
31/Aug/2022 09:32:00 AM - search_case - 600 - INFO - FA Case >>> FA-0562579
31/Aug/2022 09:32:06 AM - search_case - 623 - INFO - Status of FA-0562579 >>> Inspection & Review
31/Aug/2022 09:32:08 AM - update_qms_data - 234 - DEBUG - 1
31/Aug/2022 09:32:09 AM - update_qms_data - 259 - DEBUG - Check Sort is pass.
31/Aug/2022 09:32:10 AM - update_qms_data - 273 - INFO - Exact rows >>> 1 Rows number >>> 2
31/Aug/2022 09:32:10 AM - update_qms_data - 287 - DEBUG - <selenium.webdriver.remote.webelement.WebElement (session="7ab2e72b156c52c57127bd1ec949b689", element="b73d9ab8-fb06-48e9-a392-bd26d5194502")>
31/Aug/2022 09:32:10 AM - update_qms_data - 314 - INFO - FA FLAG >>> Yes
31/Aug/2022 09:32:11 AM - update_qms_data - 332 - INFO - Serial Number >>> FNS18030VYK
31/Aug/2022 09:32:11 AM - update_qms_data - 336 - INFO - Dispose to >>> Scrap
31/Aug/2022 09:32:13 AM - update_qms_data - 383 - DEBUG - Check Render >>> PID Result/Failure Mode/Failure Code : PID Result/Failure Mode/Failure Code
31/Aug/2022 09:32:13 AM - search_case - 600 - INFO - FA Case >>> FA-0562579
31/Aug/2022 09:32:14 AM - search_case - 612 - WARNING - Wait for against click intercepted !!!
31/Aug/2022 09:32:16 AM - search_case - 612 - WARNING - Wait for against click intercepted !!!
31/Aug/2022 09:32:19 AM - search_case - 612 - WARNING - Wait for against click intercepted !!!
31/Aug/2022 09:32:21 AM - search_case - 612 - WARNING - Wait for against click intercepted !!!
31/Aug/2022 09:32:23 AM - search_case - 612 - WARNING - Wait for against click intercepted !!!
31/Aug/2022 09:32:25 AM - search_case - 612 - WARNING - Wait for against click intercepted !!!
31/Aug/2022 09:32:27 AM - search_case - 612 - WARNING - Wait for against click intercepted !!!
31/Aug/2022 09:32:29 AM - search_case - 612 - WARNING - Wait for against click intercepted !!!
31/Aug/2022 09:32:31 AM - search_case - 612 - WARNING - Wait for against click intercepted !!!
31/Aug/2022 09:32:33 AM - search_case - 612 - WARNING - Wait for against click intercepted !!!
31/Aug/2022 09:32:35 AM - search_case - 612 - WARNING - Wait for against click intercepted !!!
31/Aug/2022 09:32:37 AM - search_case - 612 - WARNING - Wait for against click intercepted !!!
31/Aug/2022 09:32:39 AM - search_case - 612 - WARNING - Wait for against click intercepted !!!
31/Aug/2022 09:32:42 AM - search_case - 612 - WARNING - Wait for against click intercepted !!!
31/Aug/2022 09:32:44 AM - search_case - 612 - WARNING - Wait for against click intercepted !!!
31/Aug/2022 09:32:46 AM - search_case - 612 - WARNING - Wait for against click intercepted !!!
31/Aug/2022 09:32:48 AM - search_case - 612 - WARNING - Wait for against click intercepted !!!
31/Aug/2022 09:32:50 AM - search_case - 612 - WARNING - Wait for against click intercepted !!!
31/Aug/2022 09:32:52 AM - search_case - 612 - WARNING - Wait for against click intercepted !!!
31/Aug/2022 09:32:54 AM - search_case - 612 - WARNING - Wait for against click intercepted !!!
31/Aug/2022 09:32:56 AM - search_case - 612 - WARNING - Wait for against click intercepted !!!
31/Aug/2022 09:32:58 AM - search_case - 612 - WARNING - Wait for against click intercepted !!!
31/Aug/2022 09:33:00 AM - search_case - 612 - WARNING - Wait for against click intercepted !!!
31/Aug/2022 09:33:02 AM - search_case - 612 - WARNING - Wait for against click intercepted !!!
31/Aug/2022 09:33:05 AM - search_case - 612 - WARNING - Wait for against click intercepted !!!
31/Aug/2022 09:33:07 AM - search_case - 612 - WARNING - Wait for against click intercepted !!!
31/Aug/2022 09:33:09 AM - search_case - 612 - WARNING - Wait for against click intercepted !!!
31/Aug/2022 09:33:11 AM - search_case - 612 - WARNING - Wait for against click intercepted !!!
31/Aug/2022 09:33:17 AM - search_case - 623 - INFO - Status of FA-0562579 >>> Inspection & Review
31/Aug/2022 09:33:19 AM - move_case - 518 - DEBUG - No. Of window handles2: 2 >>>  ['CDwindow-70527888FEC72706968969A378B90738', 'CDwindow-A5E7B5DC49A94D599B1DDFE500B7925C']
31/Aug/2022 09:33:19 AM - move_case - 525 - DEBUG - Change Status Window: Change Status >>> ['CDwindow-70527888FEC72706968969A378B90738', 'CDwindow-A5E7B5DC49A94D599B1DDFE500B7925C']
31/Aug/2022 09:33:56 AM - search_case - 600 - INFO - FA Case >>> FA-0562579
31/Aug/2022 09:34:02 AM - search_case - 623 - INFO - Status of FA-0562579 >>> Pending Closure Approval
31/Aug/2022 09:34:11 AM - search_case - 600 - INFO - FA Case >>> FA-0563079
31/Aug/2022 09:34:16 AM - search_case - 623 - INFO - Status of FA-0563079 >>> Inspection & Review
31/Aug/2022 09:34:19 AM - search_case - 600 - INFO - FA Case >>> FA-0563079
31/Aug/2022 09:34:24 AM - search_case - 623 - INFO - Status of FA-0563079 >>> Inspection & Review
31/Aug/2022 09:34:26 AM - update_qms_data - 234 - DEBUG - 1
31/Aug/2022 09:34:27 AM - update_qms_data - 259 - DEBUG - Check Sort is pass.
31/Aug/2022 09:34:28 AM - update_qms_data - 273 - INFO - Exact rows >>> 1 Rows number >>> 2
31/Aug/2022 09:34:28 AM - update_qms_data - 287 - DEBUG - <selenium.webdriver.remote.webelement.WebElement (session="7ab2e72b156c52c57127bd1ec949b689", element="c1e087a6-a468-4445-9931-e52899f768df")>
31/Aug/2022 09:34:28 AM - update_qms_data - 314 - INFO - FA FLAG >>> Yes
31/Aug/2022 09:34:28 AM - update_qms_data - 332 - INFO - Serial Number >>> FIW210904F9
31/Aug/2022 09:34:28 AM - update_qms_data - 336 - INFO - Dispose to >>> Scrap
31/Aug/2022 09:34:30 AM - update_qms_data - 383 - DEBUG - Check Render >>> PID Result/Failure Mode/Failure Code : PID Result/Failure Mode/Failure Code
31/Aug/2022 09:34:30 AM - search_case - 600 - INFO - FA Case >>> FA-0563079
31/Aug/2022 09:34:31 AM - search_case - 612 - WARNING - Wait for against click intercepted !!!
31/Aug/2022 09:34:33 AM - search_case - 612 - WARNING - Wait for against click intercepted !!!
31/Aug/2022 09:34:35 AM - search_case - 612 - WARNING - Wait for against click intercepted !!!
31/Aug/2022 09:34:37 AM - search_case - 612 - WARNING - Wait for against click intercepted !!!
31/Aug/2022 09:34:39 AM - search_case - 612 - WARNING - Wait for against click intercepted !!!
31/Aug/2022 09:34:41 AM - search_case - 612 - WARNING - Wait for against click intercepted !!!
31/Aug/2022 09:34:44 AM - search_case - 612 - WARNING - Wait for against click intercepted !!!
31/Aug/2022 09:34:46 AM - search_case - 612 - WARNING - Wait for against click intercepted !!!
31/Aug/2022 09:34:48 AM - search_case - 612 - WARNING - Wait for against click intercepted !!!
31/Aug/2022 09:34:50 AM - search_case - 612 - WARNING - Wait for against click intercepted !!!
31/Aug/2022 09:34:52 AM - search_case - 612 - WARNING - Wait for against click intercepted !!!
31/Aug/2022 09:34:53 AM - search_case - 638 - WARNING - This case wase changed the priority !!!
31/Aug/2022 09:35:13 AM - update_qms_data - 433 - CRITICAL - Traceback Error: Traceback (most recent call last):
  File "C:\Users\wlongsid\OneDrive - Cisco\Documents\DEV\PY\qms_auto_update_incpection_cases\main.py", line 621, in search_case
    self.fa_status = WebDriverWait(self.driver, 20).until(ec.visibility_of_element_located((By.XPATH, '//h2[@style="color:Blue;"]'))).text
  File "C:\Users\wlongsid\AppData\Local\Programs\Python\Python310\lib\site-packages\selenium\webdriver\support\wait.py", line 78, in until
    value = method(self._driver)
  File "C:\Users\wlongsid\AppData\Local\Programs\Python\Python310\lib\site-packages\selenium\webdriver\support\expected_conditions.py", line 125, in _predicate
    return _element_if_visible(driver.find_element(*locator))
  File "C:\Users\wlongsid\AppData\Local\Programs\Python\Python310\lib\site-packages\selenium\webdriver\remote\webdriver.py", line 1244, in find_element
    return self.execute(Command.FIND_ELEMENT, {
  File "C:\Users\wlongsid\AppData\Local\Programs\Python\Python310\lib\site-packages\selenium\webdriver\remote\webdriver.py", line 424, in execute
    self.error_handler.check_response(response)
  File "C:\Users\wlongsid\AppData\Local\Programs\Python\Python310\lib\site-packages\selenium\webdriver\remote\errorhandler.py", line 246, in check_response
    raise exception_class(message, screen, stacktrace, alert_text)  # type: ignore[call-arg]  # mypy is not smart enough here
selenium.common.exceptions.UnexpectedAlertPresentException: Alert Text: You did not save your changes. Are you sure you want to discard the changes on this page?
Message: unexpected alert open: {Alert text : You did not save your changes. Are you sure you want to discard the changes on this page?}
  (Session info: chrome=104.0.5112.102)
Stacktrace:
Backtrace:
	Ordinal0 [0x007F6463+2188387]
	Ordinal0 [0x0078E461+1762401]
	Ordinal0 [0x006A3D78+802168]
	Ordinal0 [0x006FCA92+1165970]
	Ordinal0 [0x006EC5F6+1099254]
	Ordinal0 [0x006C6BE0+945120]
	Ordinal0 [0x006C7AD6+948950]
	GetHandleVerifier [0x00A971F2+2712546]
	GetHandleVerifier [0x00A8886D+2652765]
	GetHandleVerifier [0x0088002A+520730]
	GetHandleVerifier [0x0087EE06+516086]
	Ordinal0 [0x0079468B+1787531]
	Ordinal0 [0x00798E88+1805960]
	Ordinal0 [0x00798F75+1806197]
	Ordinal0 [0x007A1DF1+1842673]
	BaseThreadInitThunk [0x7679FA29+25]
	RtlGetAppContainerNamedObjectPath [0x77C37A9E+286]
	RtlGetAppContainerNamedObjectPath [0x77C37A6E+238]


During handling of the above exception, another exception occurred:

Traceback (most recent call last):
  File "C:\Users\wlongsid\OneDrive - Cisco\Documents\DEV\PY\qms_auto_update_incpection_cases\main.py", line 423, in update_qms_data
    self.search_case(fa_case,'Inspection & Review')
  File "C:\Users\wlongsid\OneDrive - Cisco\Documents\DEV\PY\qms_auto_update_incpection_cases\main.py", line 640, in search_case
    if fa_case in WebDriverWait(self.driver, 20).until(ec.visibility_of_element_located((By.XPATH, '//h4[@id="searchResultHeader"]'))).text:
  File "C:\Users\wlongsid\AppData\Local\Programs\Python\Python310\lib\site-packages\selenium\webdriver\support\wait.py", line 89, in until
    raise TimeoutException(message, screen, stacktrace)
selenium.common.exceptions.TimeoutException: Message: 
Stacktrace:
Backtrace:
	Ordinal0 [0x007F6463+2188387]
	Ordinal0 [0x0078E461+1762401]
	Ordinal0 [0x006A3D78+802168]
	Ordinal0 [0x006D1880+989312]
	Ordinal0 [0x006D1B1B+989979]
	Ordinal0 [0x006FE912+1173778]
	Ordinal0 [0x006EC824+1099812]
	Ordinal0 [0x006FCC22+1166370]
	Ordinal0 [0x006EC5F6+1099254]
	Ordinal0 [0x006C6BE0+945120]
	Ordinal0 [0x006C7AD6+948950]
	GetHandleVerifier [0x00A971F2+2712546]
	GetHandleVerifier [0x00A8886D+2652765]
	GetHandleVerifier [0x0088002A+520730]
	GetHandleVerifier [0x0087EE06+516086]
	Ordinal0 [0x0079468B+1787531]
	Ordinal0 [0x00798E88+1805960]
	Ordinal0 [0x00798F75+1806197]
	Ordinal0 [0x007A1DF1+1842673]
	BaseThreadInitThunk [0x7679FA29+25]
	RtlGetAppContainerNamedObjectPath [0x77C37A9E+286]
	RtlGetAppContainerNamedObjectPath [0x77C37A6E+238]


31/Aug/2022 09:35:13 AM - search_case - 600 - INFO - FA Case >>> FA-0563324
31/Aug/2022 09:35:13 AM - search_case - 638 - WARNING - This case wase changed the priority !!!
31/Aug/2022 09:35:34 AM - update_qms_data - 433 - CRITICAL - Traceback Error: Traceback (most recent call last):
  File "C:\Users\wlongsid\OneDrive - Cisco\Documents\DEV\PY\qms_auto_update_incpection_cases\main.py", line 621, in search_case
    self.fa_status = WebDriverWait(self.driver, 20).until(ec.visibility_of_element_located((By.XPATH, '//h2[@style="color:Blue;"]'))).text
  File "C:\Users\wlongsid\AppData\Local\Programs\Python\Python310\lib\site-packages\selenium\webdriver\support\wait.py", line 78, in until
    value = method(self._driver)
  File "C:\Users\wlongsid\AppData\Local\Programs\Python\Python310\lib\site-packages\selenium\webdriver\support\expected_conditions.py", line 125, in _predicate
    return _element_if_visible(driver.find_element(*locator))
  File "C:\Users\wlongsid\AppData\Local\Programs\Python\Python310\lib\site-packages\selenium\webdriver\remote\webdriver.py", line 1244, in find_element
    return self.execute(Command.FIND_ELEMENT, {
  File "C:\Users\wlongsid\AppData\Local\Programs\Python\Python310\lib\site-packages\selenium\webdriver\remote\webdriver.py", line 424, in execute
    self.error_handler.check_response(response)
  File "C:\Users\wlongsid\AppData\Local\Programs\Python\Python310\lib\site-packages\selenium\webdriver\remote\errorhandler.py", line 246, in check_response
    raise exception_class(message, screen, stacktrace, alert_text)  # type: ignore[call-arg]  # mypy is not smart enough here
selenium.common.exceptions.UnexpectedAlertPresentException: Alert Text: You did not save your changes. Are you sure you want to discard the changes on this page?
Message: unexpected alert open: {Alert text : You did not save your changes. Are you sure you want to discard the changes on this page?}
  (Session info: chrome=104.0.5112.102)
Stacktrace:
Backtrace:
	Ordinal0 [0x007F6463+2188387]
	Ordinal0 [0x0078E461+1762401]
	Ordinal0 [0x006A3D78+802168]
	Ordinal0 [0x006FCA92+1165970]
	Ordinal0 [0x006EC5F6+1099254]
	Ordinal0 [0x006C6BE0+945120]
	Ordinal0 [0x006C7AD6+948950]
	GetHandleVerifier [0x00A971F2+2712546]
	GetHandleVerifier [0x00A8886D+2652765]
	GetHandleVerifier [0x0088002A+520730]
	GetHandleVerifier [0x0087EE06+516086]
	Ordinal0 [0x0079468B+1787531]
	Ordinal0 [0x00798E88+1805960]
	Ordinal0 [0x00798F75+1806197]
	Ordinal0 [0x007A1DF1+1842673]
	BaseThreadInitThunk [0x7679FA29+25]
	RtlGetAppContainerNamedObjectPath [0x77C37A9E+286]
	RtlGetAppContainerNamedObjectPath [0x77C37A6E+238]


During handling of the above exception, another exception occurred:

Traceback (most recent call last):
  File "C:\Users\wlongsid\OneDrive - Cisco\Documents\DEV\PY\qms_auto_update_incpection_cases\main.py", line 211, in update_qms_data
    if not self.search_case(fa_case,'Inspection & Review'):
  File "C:\Users\wlongsid\OneDrive - Cisco\Documents\DEV\PY\qms_auto_update_incpection_cases\main.py", line 640, in search_case
    if fa_case in WebDriverWait(self.driver, 20).until(ec.visibility_of_element_located((By.XPATH, '//h4[@id="searchResultHeader"]'))).text:
  File "C:\Users\wlongsid\AppData\Local\Programs\Python\Python310\lib\site-packages\selenium\webdriver\support\wait.py", line 89, in until
    raise TimeoutException(message, screen, stacktrace)
selenium.common.exceptions.TimeoutException: Message: 
Stacktrace:
Backtrace:
	Ordinal0 [0x007F6463+2188387]
	Ordinal0 [0x0078E461+1762401]
	Ordinal0 [0x006A3D78+802168]
	Ordinal0 [0x006D1880+989312]
	Ordinal0 [0x006D1B1B+989979]
	Ordinal0 [0x006FE912+1173778]
	Ordinal0 [0x006EC824+1099812]
	Ordinal0 [0x006FCC22+1166370]
	Ordinal0 [0x006EC5F6+1099254]
	Ordinal0 [0x006C6BE0+945120]
	Ordinal0 [0x006C7AD6+948950]
	GetHandleVerifier [0x00A971F2+2712546]
	GetHandleVerifier [0x00A8886D+2652765]
	GetHandleVerifier [0x0088002A+520730]
	GetHandleVerifier [0x0087EE06+516086]
	Ordinal0 [0x0079468B+1787531]
	Ordinal0 [0x00798E88+1805960]
	Ordinal0 [0x00798F75+1806197]
	Ordinal0 [0x007A1DF1+1842673]
	BaseThreadInitThunk [0x7679FA29+25]
	RtlGetAppContainerNamedObjectPath [0x77C37A9E+286]
	RtlGetAppContainerNamedObjectPath [0x77C37A6E+238]


31/Aug/2022 09:35:34 AM - search_case - 600 - INFO - FA Case >>> FA-0563365
31/Aug/2022 09:35:34 AM - search_case - 638 - WARNING - This case wase changed the priority !!!
31/Aug/2022 09:35:54 AM - update_qms_data - 433 - CRITICAL - Traceback Error: Traceback (most recent call last):
  File "C:\Users\wlongsid\OneDrive - Cisco\Documents\DEV\PY\qms_auto_update_incpection_cases\main.py", line 621, in search_case
    self.fa_status = WebDriverWait(self.driver, 20).until(ec.visibility_of_element_located((By.XPATH, '//h2[@style="color:Blue;"]'))).text
  File "C:\Users\wlongsid\AppData\Local\Programs\Python\Python310\lib\site-packages\selenium\webdriver\support\wait.py", line 78, in until
    value = method(self._driver)
  File "C:\Users\wlongsid\AppData\Local\Programs\Python\Python310\lib\site-packages\selenium\webdriver\support\expected_conditions.py", line 125, in _predicate
    return _element_if_visible(driver.find_element(*locator))
  File "C:\Users\wlongsid\AppData\Local\Programs\Python\Python310\lib\site-packages\selenium\webdriver\remote\webdriver.py", line 1244, in find_element
    return self.execute(Command.FIND_ELEMENT, {
  File "C:\Users\wlongsid\AppData\Local\Programs\Python\Python310\lib\site-packages\selenium\webdriver\remote\webdriver.py", line 424, in execute
    self.error_handler.check_response(response)
  File "C:\Users\wlongsid\AppData\Local\Programs\Python\Python310\lib\site-packages\selenium\webdriver\remote\errorhandler.py", line 246, in check_response
    raise exception_class(message, screen, stacktrace, alert_text)  # type: ignore[call-arg]  # mypy is not smart enough here
selenium.common.exceptions.UnexpectedAlertPresentException: Alert Text: You did not save your changes. Are you sure you want to discard the changes on this page?
Message: unexpected alert open: {Alert text : You did not save your changes. Are you sure you want to discard the changes on this page?}
  (Session info: chrome=104.0.5112.102)
Stacktrace:
Backtrace:
	Ordinal0 [0x007F6463+2188387]
	Ordinal0 [0x0078E461+1762401]
	Ordinal0 [0x006A3D78+802168]
	Ordinal0 [0x006FCA92+1165970]
	Ordinal0 [0x006EC5F6+1099254]
	Ordinal0 [0x006C6BE0+945120]
	Ordinal0 [0x006C7AD6+948950]
	GetHandleVerifier [0x00A971F2+2712546]
	GetHandleVerifier [0x00A8886D+2652765]
	GetHandleVerifier [0x0088002A+520730]
	GetHandleVerifier [0x0087EE06+516086]
	Ordinal0 [0x0079468B+1787531]
	Ordinal0 [0x00798E88+1805960]
	Ordinal0 [0x00798F75+1806197]
	Ordinal0 [0x007A1DF1+1842673]
	BaseThreadInitThunk [0x7679FA29+25]
	RtlGetAppContainerNamedObjectPath [0x77C37A9E+286]
	RtlGetAppContainerNamedObjectPath [0x77C37A6E+238]


During handling of the above exception, another exception occurred:

Traceback (most recent call last):
  File "C:\Users\wlongsid\OneDrive - Cisco\Documents\DEV\PY\qms_auto_update_incpection_cases\main.py", line 211, in update_qms_data
    if not self.search_case(fa_case,'Inspection & Review'):
  File "C:\Users\wlongsid\OneDrive - Cisco\Documents\DEV\PY\qms_auto_update_incpection_cases\main.py", line 640, in search_case
    if fa_case in WebDriverWait(self.driver, 20).until(ec.visibility_of_element_located((By.XPATH, '//h4[@id="searchResultHeader"]'))).text:
  File "C:\Users\wlongsid\AppData\Local\Programs\Python\Python310\lib\site-packages\selenium\webdriver\support\wait.py", line 89, in until
    raise TimeoutException(message, screen, stacktrace)
selenium.common.exceptions.TimeoutException: Message: 
Stacktrace:
Backtrace:
	Ordinal0 [0x007F6463+2188387]
	Ordinal0 [0x0078E461+1762401]
	Ordinal0 [0x006A3D78+802168]
	Ordinal0 [0x006D1880+989312]
	Ordinal0 [0x006D1B1B+989979]
	Ordinal0 [0x006FE912+1173778]
	Ordinal0 [0x006EC824+1099812]
	Ordinal0 [0x006FCC22+1166370]
	Ordinal0 [0x006EC5F6+1099254]
	Ordinal0 [0x006C6BE0+945120]
	Ordinal0 [0x006C7AD6+948950]
	GetHandleVerifier [0x00A971F2+2712546]
	GetHandleVerifier [0x00A8886D+2652765]
	GetHandleVerifier [0x0088002A+520730]
	GetHandleVerifier [0x0087EE06+516086]
	Ordinal0 [0x0079468B+1787531]
	Ordinal0 [0x00798E88+1805960]
	Ordinal0 [0x00798F75+1806197]
	Ordinal0 [0x007A1DF1+1842673]
	BaseThreadInitThunk [0x7679FA29+25]
	RtlGetAppContainerNamedObjectPath [0x77C37A9E+286]
	RtlGetAppContainerNamedObjectPath [0x77C37A6E+238]


31/Aug/2022 09:35:54 AM - search_case - 600 - INFO - FA Case >>> FA-0563366
31/Aug/2022 09:35:54 AM - search_case - 638 - WARNING - This case wase changed the priority !!!
31/Aug/2022 09:36:15 AM - update_qms_data - 433 - CRITICAL - Traceback Error: Traceback (most recent call last):
  File "C:\Users\wlongsid\OneDrive - Cisco\Documents\DEV\PY\qms_auto_update_incpection_cases\main.py", line 621, in search_case
    self.fa_status = WebDriverWait(self.driver, 20).until(ec.visibility_of_element_located((By.XPATH, '//h2[@style="color:Blue;"]'))).text
  File "C:\Users\wlongsid\AppData\Local\Programs\Python\Python310\lib\site-packages\selenium\webdriver\support\wait.py", line 78, in until
    value = method(self._driver)
  File "C:\Users\wlongsid\AppData\Local\Programs\Python\Python310\lib\site-packages\selenium\webdriver\support\expected_conditions.py", line 125, in _predicate
    return _element_if_visible(driver.find_element(*locator))
  File "C:\Users\wlongsid\AppData\Local\Programs\Python\Python310\lib\site-packages\selenium\webdriver\remote\webdriver.py", line 1244, in find_element
    return self.execute(Command.FIND_ELEMENT, {
  File "C:\Users\wlongsid\AppData\Local\Programs\Python\Python310\lib\site-packages\selenium\webdriver\remote\webdriver.py", line 424, in execute
    self.error_handler.check_response(response)
  File "C:\Users\wlongsid\AppData\Local\Programs\Python\Python310\lib\site-packages\selenium\webdriver\remote\errorhandler.py", line 246, in check_response
    raise exception_class(message, screen, stacktrace, alert_text)  # type: ignore[call-arg]  # mypy is not smart enough here
selenium.common.exceptions.UnexpectedAlertPresentException: Alert Text: You did not save your changes. Are you sure you want to discard the changes on this page?
Message: unexpected alert open: {Alert text : You did not save your changes. Are you sure you want to discard the changes on this page?}
  (Session info: chrome=104.0.5112.102)
Stacktrace:
Backtrace:
	Ordinal0 [0x007F6463+2188387]
	Ordinal0 [0x0078E461+1762401]
	Ordinal0 [0x006A3D78+802168]
	Ordinal0 [0x006FCA92+1165970]
	Ordinal0 [0x006EC5F6+1099254]
	Ordinal0 [0x006C6BE0+945120]
	Ordinal0 [0x006C7AD6+948950]
	GetHandleVerifier [0x00A971F2+2712546]
	GetHandleVerifier [0x00A8886D+2652765]
	GetHandleVerifier [0x0088002A+520730]
	GetHandleVerifier [0x0087EE06+516086]
	Ordinal0 [0x0079468B+1787531]
	Ordinal0 [0x00798E88+1805960]
	Ordinal0 [0x00798F75+1806197]
	Ordinal0 [0x007A1DF1+1842673]
	BaseThreadInitThunk [0x7679FA29+25]
	RtlGetAppContainerNamedObjectPath [0x77C37A9E+286]
	RtlGetAppContainerNamedObjectPath [0x77C37A6E+238]


During handling of the above exception, another exception occurred:

Traceback (most recent call last):
  File "C:\Users\wlongsid\OneDrive - Cisco\Documents\DEV\PY\qms_auto_update_incpection_cases\main.py", line 211, in update_qms_data
    if not self.search_case(fa_case,'Inspection & Review'):
  File "C:\Users\wlongsid\OneDrive - Cisco\Documents\DEV\PY\qms_auto_update_incpection_cases\main.py", line 640, in search_case
    if fa_case in WebDriverWait(self.driver, 20).until(ec.visibility_of_element_located((By.XPATH, '//h4[@id="searchResultHeader"]'))).text:
  File "C:\Users\wlongsid\AppData\Local\Programs\Python\Python310\lib\site-packages\selenium\webdriver\support\wait.py", line 89, in until
    raise TimeoutException(message, screen, stacktrace)
selenium.common.exceptions.TimeoutException: Message: 
Stacktrace:
Backtrace:
	Ordinal0 [0x007F6463+2188387]
	Ordinal0 [0x0078E461+1762401]
	Ordinal0 [0x006A3D78+802168]
	Ordinal0 [0x006D1880+989312]
	Ordinal0 [0x006D1B1B+989979]
	Ordinal0 [0x006FE912+1173778]
	Ordinal0 [0x006EC824+1099812]
	Ordinal0 [0x006FCC22+1166370]
	Ordinal0 [0x006EC5F6+1099254]
	Ordinal0 [0x006C6BE0+945120]
	Ordinal0 [0x006C7AD6+948950]
	GetHandleVerifier [0x00A971F2+2712546]
	GetHandleVerifier [0x00A8886D+2652765]
	GetHandleVerifier [0x0088002A+520730]
	GetHandleVerifier [0x0087EE06+516086]
	Ordinal0 [0x0079468B+1787531]
	Ordinal0 [0x00798E88+1805960]
	Ordinal0 [0x00798F75+1806197]
	Ordinal0 [0x007A1DF1+1842673]
	BaseThreadInitThunk [0x7679FA29+25]
	RtlGetAppContainerNamedObjectPath [0x77C37A9E+286]
	RtlGetAppContainerNamedObjectPath [0x77C37A6E+238]


31/Aug/2022 09:36:15 AM - search_case - 600 - INFO - FA Case >>> FA-0563368
31/Aug/2022 09:36:15 AM - search_case - 638 - WARNING - This case wase changed the priority !!!
31/Aug/2022 09:36:35 AM - update_qms_data - 433 - CRITICAL - Traceback Error: Traceback (most recent call last):
  File "C:\Users\wlongsid\OneDrive - Cisco\Documents\DEV\PY\qms_auto_update_incpection_cases\main.py", line 621, in search_case
    self.fa_status = WebDriverWait(self.driver, 20).until(ec.visibility_of_element_located((By.XPATH, '//h2[@style="color:Blue;"]'))).text
  File "C:\Users\wlongsid\AppData\Local\Programs\Python\Python310\lib\site-packages\selenium\webdriver\support\wait.py", line 78, in until
    value = method(self._driver)
  File "C:\Users\wlongsid\AppData\Local\Programs\Python\Python310\lib\site-packages\selenium\webdriver\support\expected_conditions.py", line 125, in _predicate
    return _element_if_visible(driver.find_element(*locator))
  File "C:\Users\wlongsid\AppData\Local\Programs\Python\Python310\lib\site-packages\selenium\webdriver\remote\webdriver.py", line 1244, in find_element
    return self.execute(Command.FIND_ELEMENT, {
  File "C:\Users\wlongsid\AppData\Local\Programs\Python\Python310\lib\site-packages\selenium\webdriver\remote\webdriver.py", line 424, in execute
    self.error_handler.check_response(response)
  File "C:\Users\wlongsid\AppData\Local\Programs\Python\Python310\lib\site-packages\selenium\webdriver\remote\errorhandler.py", line 246, in check_response
    raise exception_class(message, screen, stacktrace, alert_text)  # type: ignore[call-arg]  # mypy is not smart enough here
selenium.common.exceptions.UnexpectedAlertPresentException: Alert Text: You did not save your changes. Are you sure you want to discard the changes on this page?
Message: unexpected alert open: {Alert text : You did not save your changes. Are you sure you want to discard the changes on this page?}
  (Session info: chrome=104.0.5112.102)
Stacktrace:
Backtrace:
	Ordinal0 [0x007F6463+2188387]
	Ordinal0 [0x0078E461+1762401]
	Ordinal0 [0x006A3D78+802168]
	Ordinal0 [0x006FCA92+1165970]
	Ordinal0 [0x006EC5F6+1099254]
	Ordinal0 [0x006C6BE0+945120]
	Ordinal0 [0x006C7AD6+948950]
	GetHandleVerifier [0x00A971F2+2712546]
	GetHandleVerifier [0x00A8886D+2652765]
	GetHandleVerifier [0x0088002A+520730]
	GetHandleVerifier [0x0087EE06+516086]
	Ordinal0 [0x0079468B+1787531]
	Ordinal0 [0x00798E88+1805960]
	Ordinal0 [0x00798F75+1806197]
	Ordinal0 [0x007A1DF1+1842673]
	BaseThreadInitThunk [0x7679FA29+25]
	RtlGetAppContainerNamedObjectPath [0x77C37A9E+286]
	RtlGetAppContainerNamedObjectPath [0x77C37A6E+238]


During handling of the above exception, another exception occurred:

Traceback (most recent call last):
  File "C:\Users\wlongsid\OneDrive - Cisco\Documents\DEV\PY\qms_auto_update_incpection_cases\main.py", line 211, in update_qms_data
    if not self.search_case(fa_case,'Inspection & Review'):
  File "C:\Users\wlongsid\OneDrive - Cisco\Documents\DEV\PY\qms_auto_update_incpection_cases\main.py", line 640, in search_case
    if fa_case in WebDriverWait(self.driver, 20).until(ec.visibility_of_element_located((By.XPATH, '//h4[@id="searchResultHeader"]'))).text:
  File "C:\Users\wlongsid\AppData\Local\Programs\Python\Python310\lib\site-packages\selenium\webdriver\support\wait.py", line 89, in until
    raise TimeoutException(message, screen, stacktrace)
selenium.common.exceptions.TimeoutException: Message: 
Stacktrace:
Backtrace:
	Ordinal0 [0x007F6463+2188387]
	Ordinal0 [0x0078E461+1762401]
	Ordinal0 [0x006A3D78+802168]
	Ordinal0 [0x006D1880+989312]
	Ordinal0 [0x006D1B1B+989979]
	Ordinal0 [0x006FE912+1173778]
	Ordinal0 [0x006EC824+1099812]
	Ordinal0 [0x006FCC22+1166370]
	Ordinal0 [0x006EC5F6+1099254]
	Ordinal0 [0x006C6BE0+945120]
	Ordinal0 [0x006C7AD6+948950]
	GetHandleVerifier [0x00A971F2+2712546]
	GetHandleVerifier [0x00A8886D+2652765]
	GetHandleVerifier [0x0088002A+520730]
	GetHandleVerifier [0x0087EE06+516086]
	Ordinal0 [0x0079468B+1787531]
	Ordinal0 [0x00798E88+1805960]
	Ordinal0 [0x00798F75+1806197]
	Ordinal0 [0x007A1DF1+1842673]
	BaseThreadInitThunk [0x7679FA29+25]
	RtlGetAppContainerNamedObjectPath [0x77C37A9E+286]
	RtlGetAppContainerNamedObjectPath [0x77C37A6E+238]


31/Aug/2022 09:36:35 AM - search_case - 600 - INFO - FA Case >>> FA-0563369
31/Aug/2022 09:36:35 AM - search_case - 638 - WARNING - This case wase changed the priority !!!
31/Aug/2022 09:36:55 AM - update_qms_data - 433 - CRITICAL - Traceback Error: Traceback (most recent call last):
  File "C:\Users\wlongsid\OneDrive - Cisco\Documents\DEV\PY\qms_auto_update_incpection_cases\main.py", line 621, in search_case
    self.fa_status = WebDriverWait(self.driver, 20).until(ec.visibility_of_element_located((By.XPATH, '//h2[@style="color:Blue;"]'))).text
  File "C:\Users\wlongsid\AppData\Local\Programs\Python\Python310\lib\site-packages\selenium\webdriver\support\wait.py", line 78, in until
    value = method(self._driver)
  File "C:\Users\wlongsid\AppData\Local\Programs\Python\Python310\lib\site-packages\selenium\webdriver\support\expected_conditions.py", line 125, in _predicate
    return _element_if_visible(driver.find_element(*locator))
  File "C:\Users\wlongsid\AppData\Local\Programs\Python\Python310\lib\site-packages\selenium\webdriver\remote\webdriver.py", line 1244, in find_element
    return self.execute(Command.FIND_ELEMENT, {
  File "C:\Users\wlongsid\AppData\Local\Programs\Python\Python310\lib\site-packages\selenium\webdriver\remote\webdriver.py", line 424, in execute
    self.error_handler.check_response(response)
  File "C:\Users\wlongsid\AppData\Local\Programs\Python\Python310\lib\site-packages\selenium\webdriver\remote\errorhandler.py", line 246, in check_response
    raise exception_class(message, screen, stacktrace, alert_text)  # type: ignore[call-arg]  # mypy is not smart enough here
selenium.common.exceptions.UnexpectedAlertPresentException: Alert Text: You did not save your changes. Are you sure you want to discard the changes on this page?
Message: unexpected alert open: {Alert text : You did not save your changes. Are you sure you want to discard the changes on this page?}
  (Session info: chrome=104.0.5112.102)
Stacktrace:
Backtrace:
	Ordinal0 [0x007F6463+2188387]
	Ordinal0 [0x0078E461+1762401]
	Ordinal0 [0x006A3D78+802168]
	Ordinal0 [0x006FCA92+1165970]
	Ordinal0 [0x006EC5F6+1099254]
	Ordinal0 [0x006C6BE0+945120]
	Ordinal0 [0x006C7AD6+948950]
	GetHandleVerifier [0x00A971F2+2712546]
	GetHandleVerifier [0x00A8886D+2652765]
	GetHandleVerifier [0x0088002A+520730]
	GetHandleVerifier [0x0087EE06+516086]
	Ordinal0 [0x0079468B+1787531]
	Ordinal0 [0x00798E88+1805960]
	Ordinal0 [0x00798F75+1806197]
	Ordinal0 [0x007A1DF1+1842673]
	BaseThreadInitThunk [0x7679FA29+25]
	RtlGetAppContainerNamedObjectPath [0x77C37A9E+286]
	RtlGetAppContainerNamedObjectPath [0x77C37A6E+238]


During handling of the above exception, another exception occurred:

Traceback (most recent call last):
  File "C:\Users\wlongsid\OneDrive - Cisco\Documents\DEV\PY\qms_auto_update_incpection_cases\main.py", line 211, in update_qms_data
    if not self.search_case(fa_case,'Inspection & Review'):
  File "C:\Users\wlongsid\OneDrive - Cisco\Documents\DEV\PY\qms_auto_update_incpection_cases\main.py", line 640, in search_case
    if fa_case in WebDriverWait(self.driver, 20).until(ec.visibility_of_element_located((By.XPATH, '//h4[@id="searchResultHeader"]'))).text:
  File "C:\Users\wlongsid\AppData\Local\Programs\Python\Python310\lib\site-packages\selenium\webdriver\support\wait.py", line 89, in until
    raise TimeoutException(message, screen, stacktrace)
selenium.common.exceptions.TimeoutException: Message: 
Stacktrace:
Backtrace:
	Ordinal0 [0x007F6463+2188387]
	Ordinal0 [0x0078E461+1762401]
	Ordinal0 [0x006A3D78+802168]
	Ordinal0 [0x006D1880+989312]
	Ordinal0 [0x006D1B1B+989979]
	Ordinal0 [0x006FE912+1173778]
	Ordinal0 [0x006EC824+1099812]
	Ordinal0 [0x006FCC22+1166370]
	Ordinal0 [0x006EC5F6+1099254]
	Ordinal0 [0x006C6BE0+945120]
	Ordinal0 [0x006C7AD6+948950]
	GetHandleVerifier [0x00A971F2+2712546]
	GetHandleVerifier [0x00A8886D+2652765]
	GetHandleVerifier [0x0088002A+520730]
	GetHandleVerifier [0x0087EE06+516086]
	Ordinal0 [0x0079468B+1787531]
	Ordinal0 [0x00798E88+1805960]
	Ordinal0 [0x00798F75+1806197]
	Ordinal0 [0x007A1DF1+1842673]
	BaseThreadInitThunk [0x7679FA29+25]
	RtlGetAppContainerNamedObjectPath [0x77C37A9E+286]
	RtlGetAppContainerNamedObjectPath [0x77C37A6E+238]


31/Aug/2022 09:36:55 AM - search_case - 600 - INFO - FA Case >>> FA-0563370
31/Aug/2022 09:36:55 AM - search_case - 638 - WARNING - This case wase changed the priority !!!
31/Aug/2022 09:37:12 AM - update_qms_data - 433 - CRITICAL - Traceback Error: Traceback (most recent call last):
  File "C:\Users\wlongsid\OneDrive - Cisco\Documents\DEV\PY\qms_auto_update_incpection_cases\main.py", line 621, in search_case
    self.fa_status = WebDriverWait(self.driver, 20).until(ec.visibility_of_element_located((By.XPATH, '//h2[@style="color:Blue;"]'))).text
  File "C:\Users\wlongsid\AppData\Local\Programs\Python\Python310\lib\site-packages\selenium\webdriver\support\wait.py", line 78, in until
    value = method(self._driver)
  File "C:\Users\wlongsid\AppData\Local\Programs\Python\Python310\lib\site-packages\selenium\webdriver\support\expected_conditions.py", line 125, in _predicate
    return _element_if_visible(driver.find_element(*locator))
  File "C:\Users\wlongsid\AppData\Local\Programs\Python\Python310\lib\site-packages\selenium\webdriver\remote\webdriver.py", line 1244, in find_element
    return self.execute(Command.FIND_ELEMENT, {
  File "C:\Users\wlongsid\AppData\Local\Programs\Python\Python310\lib\site-packages\selenium\webdriver\remote\webdriver.py", line 424, in execute
    self.error_handler.check_response(response)
  File "C:\Users\wlongsid\AppData\Local\Programs\Python\Python310\lib\site-packages\selenium\webdriver\remote\errorhandler.py", line 246, in check_response
    raise exception_class(message, screen, stacktrace, alert_text)  # type: ignore[call-arg]  # mypy is not smart enough here
selenium.common.exceptions.UnexpectedAlertPresentException: Alert Text: You did not save your changes. Are you sure you want to discard the changes on this page?
Message: unexpected alert open: {Alert text : You did not save your changes. Are you sure you want to discard the changes on this page?}
  (Session info: chrome=104.0.5112.102)
Stacktrace:
Backtrace:
	Ordinal0 [0x007F6463+2188387]
	Ordinal0 [0x0078E461+1762401]
	Ordinal0 [0x006A3D78+802168]
	Ordinal0 [0x006FCA92+1165970]
	Ordinal0 [0x006EC5F6+1099254]
	Ordinal0 [0x006C6BE0+945120]
	Ordinal0 [0x006C7AD6+948950]
	GetHandleVerifier [0x00A971F2+2712546]
	GetHandleVerifier [0x00A8886D+2652765]
	GetHandleVerifier [0x0088002A+520730]
	GetHandleVerifier [0x0087EE06+516086]
	Ordinal0 [0x0079468B+1787531]
	Ordinal0 [0x00798E88+1805960]
	Ordinal0 [0x00798F75+1806197]
	Ordinal0 [0x007A1DF1+1842673]
	BaseThreadInitThunk [0x7679FA29+25]
	RtlGetAppContainerNamedObjectPath [0x77C37A9E+286]
	RtlGetAppContainerNamedObjectPath [0x77C37A6E+238]


During handling of the above exception, another exception occurred:

Traceback (most recent call last):
  File "C:\Users\wlongsid\OneDrive - Cisco\Documents\DEV\PY\qms_auto_update_incpection_cases\main.py", line 211, in update_qms_data
    if not self.search_case(fa_case,'Inspection & Review'):
  File "C:\Users\wlongsid\OneDrive - Cisco\Documents\DEV\PY\qms_auto_update_incpection_cases\main.py", line 640, in search_case
    if fa_case in WebDriverWait(self.driver, 20).until(ec.visibility_of_element_located((By.XPATH, '//h4[@id="searchResultHeader"]'))).text:
  File "C:\Users\wlongsid\AppData\Local\Programs\Python\Python310\lib\site-packages\selenium\webdriver\support\wait.py", line 78, in until
    value = method(self._driver)
  File "C:\Users\wlongsid\AppData\Local\Programs\Python\Python310\lib\site-packages\selenium\webdriver\support\expected_conditions.py", line 125, in _predicate
    return _element_if_visible(driver.find_element(*locator))
  File "C:\Users\wlongsid\AppData\Local\Programs\Python\Python310\lib\site-packages\selenium\webdriver\remote\webdriver.py", line 1244, in find_element
    return self.execute(Command.FIND_ELEMENT, {
  File "C:\Users\wlongsid\AppData\Local\Programs\Python\Python310\lib\site-packages\selenium\webdriver\remote\webdriver.py", line 424, in execute
    self.error_handler.check_response(response)
  File "C:\Users\wlongsid\AppData\Local\Programs\Python\Python310\lib\site-packages\selenium\webdriver\remote\errorhandler.py", line 246, in check_response
    raise exception_class(message, screen, stacktrace, alert_text)  # type: ignore[call-arg]  # mypy is not smart enough here
selenium.common.exceptions.UnexpectedAlertPresentException: Alert Text: You did not save your changes. Are you sure you want to discard the changes on this page?
Message: unexpected alert open: {Alert text : You did not save your changes. Are you sure you want to discard the changes on this page?}
  (Session info: chrome=104.0.5112.102)
Stacktrace:
Backtrace:
	Ordinal0 [0x007F6463+2188387]
	Ordinal0 [0x0078E461+1762401]
	Ordinal0 [0x006A3D78+802168]
	Ordinal0 [0x006FCA92+1165970]
	Ordinal0 [0x006EC5F6+1099254]
	Ordinal0 [0x006C6BE0+945120]
	Ordinal0 [0x006C7AD6+948950]
	GetHandleVerifier [0x00A971F2+2712546]
	GetHandleVerifier [0x00A8886D+2652765]
	GetHandleVerifier [0x0088002A+520730]
	GetHandleVerifier [0x0087EE06+516086]
	Ordinal0 [0x0079468B+1787531]
	Ordinal0 [0x00798E88+1805960]
	Ordinal0 [0x00798F75+1806197]
	Ordinal0 [0x007A1DF1+1842673]
	BaseThreadInitThunk [0x7679FA29+25]
	RtlGetAppContainerNamedObjectPath [0x77C37A9E+286]
	RtlGetAppContainerNamedObjectPath [0x77C37A6E+238]


31/Aug/2022 09:37:13 AM - search_case - 600 - INFO - FA Case >>> FA-0563392
31/Aug/2022 09:37:13 AM - search_case - 638 - WARNING - This case wase changed the priority !!!
31/Aug/2022 09:37:16 AM - update_qms_data - 433 - CRITICAL - Traceback Error: Traceback (most recent call last):
  File "C:\Users\wlongsid\OneDrive - Cisco\Documents\DEV\PY\qms_auto_update_incpection_cases\main.py", line 621, in search_case
    self.fa_status = WebDriverWait(self.driver, 20).until(ec.visibility_of_element_located((By.XPATH, '//h2[@style="color:Blue;"]'))).text
  File "C:\Users\wlongsid\AppData\Local\Programs\Python\Python310\lib\site-packages\selenium\webdriver\support\wait.py", line 78, in until
    value = method(self._driver)
  File "C:\Users\wlongsid\AppData\Local\Programs\Python\Python310\lib\site-packages\selenium\webdriver\support\expected_conditions.py", line 125, in _predicate
    return _element_if_visible(driver.find_element(*locator))
  File "C:\Users\wlongsid\AppData\Local\Programs\Python\Python310\lib\site-packages\selenium\webdriver\remote\webdriver.py", line 1244, in find_element
    return self.execute(Command.FIND_ELEMENT, {
  File "C:\Users\wlongsid\AppData\Local\Programs\Python\Python310\lib\site-packages\selenium\webdriver\remote\webdriver.py", line 424, in execute
    self.error_handler.check_response(response)
  File "C:\Users\wlongsid\AppData\Local\Programs\Python\Python310\lib\site-packages\selenium\webdriver\remote\errorhandler.py", line 246, in check_response
    raise exception_class(message, screen, stacktrace, alert_text)  # type: ignore[call-arg]  # mypy is not smart enough here
selenium.common.exceptions.UnexpectedAlertPresentException: Alert Text: You did not save your changes. Are you sure you want to discard the changes on this page?
Message: unexpected alert open: {Alert text : You did not save your changes. Are you sure you want to discard the changes on this page?}
  (Session info: chrome=104.0.5112.102)
Stacktrace:
Backtrace:
	Ordinal0 [0x007F6463+2188387]
	Ordinal0 [0x0078E461+1762401]
	Ordinal0 [0x006A3D78+802168]
	Ordinal0 [0x006FCA92+1165970]
	Ordinal0 [0x006EC5F6+1099254]
	Ordinal0 [0x006C6BE0+945120]
	Ordinal0 [0x006C7AD6+948950]
	GetHandleVerifier [0x00A971F2+2712546]
	GetHandleVerifier [0x00A8886D+2652765]
	GetHandleVerifier [0x0088002A+520730]
	GetHandleVerifier [0x0087EE06+516086]
	Ordinal0 [0x0079468B+1787531]
	Ordinal0 [0x00798E88+1805960]
	Ordinal0 [0x00798F75+1806197]
	Ordinal0 [0x007A1DF1+1842673]
	BaseThreadInitThunk [0x7679FA29+25]
	RtlGetAppContainerNamedObjectPath [0x77C37A9E+286]
	RtlGetAppContainerNamedObjectPath [0x77C37A6E+238]


During handling of the above exception, another exception occurred:

Traceback (most recent call last):
  File "C:\Users\wlongsid\OneDrive - Cisco\Documents\DEV\PY\qms_auto_update_incpection_cases\main.py", line 211, in update_qms_data
    if not self.search_case(fa_case,'Inspection & Review'):
  File "C:\Users\wlongsid\OneDrive - Cisco\Documents\DEV\PY\qms_auto_update_incpection_cases\main.py", line 640, in search_case
    if fa_case in WebDriverWait(self.driver, 20).until(ec.visibility_of_element_located((By.XPATH, '//h4[@id="searchResultHeader"]'))).text:
  File "C:\Users\wlongsid\AppData\Local\Programs\Python\Python310\lib\site-packages\selenium\webdriver\support\wait.py", line 78, in until
    value = method(self._driver)
  File "C:\Users\wlongsid\AppData\Local\Programs\Python\Python310\lib\site-packages\selenium\webdriver\support\expected_conditions.py", line 125, in _predicate
    return _element_if_visible(driver.find_element(*locator))
  File "C:\Users\wlongsid\AppData\Local\Programs\Python\Python310\lib\site-packages\selenium\webdriver\remote\webdriver.py", line 1244, in find_element
    return self.execute(Command.FIND_ELEMENT, {
  File "C:\Users\wlongsid\AppData\Local\Programs\Python\Python310\lib\site-packages\selenium\webdriver\remote\webdriver.py", line 424, in execute
    self.error_handler.check_response(response)
  File "C:\Users\wlongsid\AppData\Local\Programs\Python\Python310\lib\site-packages\selenium\webdriver\remote\errorhandler.py", line 246, in check_response
    raise exception_class(message, screen, stacktrace, alert_text)  # type: ignore[call-arg]  # mypy is not smart enough here
selenium.common.exceptions.UnexpectedAlertPresentException: Alert Text: You did not save your changes. Are you sure you want to discard the changes on this page?
Message: unexpected alert open: {Alert text : You did not save your changes. Are you sure you want to discard the changes on this page?}
  (Session info: chrome=104.0.5112.102)
Stacktrace:
Backtrace:
	Ordinal0 [0x007F6463+2188387]
	Ordinal0 [0x0078E461+1762401]
	Ordinal0 [0x006A3D78+802168]
	Ordinal0 [0x006FCA92+1165970]
	Ordinal0 [0x006EC5F6+1099254]
	Ordinal0 [0x006C6BE0+945120]
	Ordinal0 [0x006C7AD6+948950]
	GetHandleVerifier [0x00A971F2+2712546]
	GetHandleVerifier [0x00A8886D+2652765]
	GetHandleVerifier [0x0088002A+520730]
	GetHandleVerifier [0x0087EE06+516086]
	Ordinal0 [0x0079468B+1787531]
	Ordinal0 [0x00798E88+1805960]
	Ordinal0 [0x00798F75+1806197]
	Ordinal0 [0x007A1DF1+1842673]
	BaseThreadInitThunk [0x7679FA29+25]
	RtlGetAppContainerNamedObjectPath [0x77C37A9E+286]
	RtlGetAppContainerNamedObjectPath [0x77C37A6E+238]


31/Aug/2022 09:37:16 AM - search_case - 600 - INFO - FA Case >>> FA-0563882
31/Aug/2022 09:37:16 AM - search_case - 638 - WARNING - This case wase changed the priority !!!
31/Aug/2022 09:37:17 AM - update_qms_data - 433 - CRITICAL - Traceback Error: Traceback (most recent call last):
  File "C:\Users\wlongsid\OneDrive - Cisco\Documents\DEV\PY\qms_auto_update_incpection_cases\main.py", line 621, in search_case
    self.fa_status = WebDriverWait(self.driver, 20).until(ec.visibility_of_element_located((By.XPATH, '//h2[@style="color:Blue;"]'))).text
  File "C:\Users\wlongsid\AppData\Local\Programs\Python\Python310\lib\site-packages\selenium\webdriver\support\wait.py", line 78, in until
    value = method(self._driver)
  File "C:\Users\wlongsid\AppData\Local\Programs\Python\Python310\lib\site-packages\selenium\webdriver\support\expected_conditions.py", line 125, in _predicate
    return _element_if_visible(driver.find_element(*locator))
  File "C:\Users\wlongsid\AppData\Local\Programs\Python\Python310\lib\site-packages\selenium\webdriver\remote\webdriver.py", line 1244, in find_element
    return self.execute(Command.FIND_ELEMENT, {
  File "C:\Users\wlongsid\AppData\Local\Programs\Python\Python310\lib\site-packages\selenium\webdriver\remote\webdriver.py", line 424, in execute
    self.error_handler.check_response(response)
  File "C:\Users\wlongsid\AppData\Local\Programs\Python\Python310\lib\site-packages\selenium\webdriver\remote\errorhandler.py", line 246, in check_response
    raise exception_class(message, screen, stacktrace, alert_text)  # type: ignore[call-arg]  # mypy is not smart enough here
selenium.common.exceptions.UnexpectedAlertPresentException: Alert Text: You did not save your changes. Are you sure you want to discard the changes on this page?
Message: unexpected alert open: {Alert text : You did not save your changes. Are you sure you want to discard the changes on this page?}
  (Session info: chrome=104.0.5112.102)
Stacktrace:
Backtrace:
	Ordinal0 [0x007F6463+2188387]
	Ordinal0 [0x0078E461+1762401]
	Ordinal0 [0x006A3D78+802168]
	Ordinal0 [0x006FCA92+1165970]
	Ordinal0 [0x006EC5F6+1099254]
	Ordinal0 [0x006C6BE0+945120]
	Ordinal0 [0x006C7AD6+948950]
	GetHandleVerifier [0x00A971F2+2712546]
	GetHandleVerifier [0x00A8886D+2652765]
	GetHandleVerifier [0x0088002A+520730]
	GetHandleVerifier [0x0087EE06+516086]
	Ordinal0 [0x0079468B+1787531]
	Ordinal0 [0x00798E88+1805960]
	Ordinal0 [0x00798F75+1806197]
	Ordinal0 [0x007A1DF1+1842673]
	BaseThreadInitThunk [0x7679FA29+25]
	RtlGetAppContainerNamedObjectPath [0x77C37A9E+286]
	RtlGetAppContainerNamedObjectPath [0x77C37A6E+238]


During handling of the above exception, another exception occurred:

Traceback (most recent call last):
  File "C:\Users\wlongsid\OneDrive - Cisco\Documents\DEV\PY\qms_auto_update_incpection_cases\main.py", line 211, in update_qms_data
    if not self.search_case(fa_case,'Inspection & Review'):
  File "C:\Users\wlongsid\OneDrive - Cisco\Documents\DEV\PY\qms_auto_update_incpection_cases\main.py", line 640, in search_case
    if fa_case in WebDriverWait(self.driver, 20).until(ec.visibility_of_element_located((By.XPATH, '//h4[@id="searchResultHeader"]'))).text:
  File "C:\Users\wlongsid\AppData\Local\Programs\Python\Python310\lib\site-packages\selenium\webdriver\support\wait.py", line 78, in until
    value = method(self._driver)
  File "C:\Users\wlongsid\AppData\Local\Programs\Python\Python310\lib\site-packages\selenium\webdriver\support\expected_conditions.py", line 125, in _predicate
    return _element_if_visible(driver.find_element(*locator))
  File "C:\Users\wlongsid\AppData\Local\Programs\Python\Python310\lib\site-packages\selenium\webdriver\remote\webdriver.py", line 1244, in find_element
    return self.execute(Command.FIND_ELEMENT, {
  File "C:\Users\wlongsid\AppData\Local\Programs\Python\Python310\lib\site-packages\selenium\webdriver\remote\webdriver.py", line 424, in execute
    self.error_handler.check_response(response)
  File "C:\Users\wlongsid\AppData\Local\Programs\Python\Python310\lib\site-packages\selenium\webdriver\remote\errorhandler.py", line 246, in check_response
    raise exception_class(message, screen, stacktrace, alert_text)  # type: ignore[call-arg]  # mypy is not smart enough here
selenium.common.exceptions.UnexpectedAlertPresentException: Alert Text: You did not save your changes. Are you sure you want to discard the changes on this page?
Message: unexpected alert open: {Alert text : You did not save your changes. Are you sure you want to discard the changes on this page?}
  (Session info: chrome=104.0.5112.102)
Stacktrace:
Backtrace:
	Ordinal0 [0x007F6463+2188387]
	Ordinal0 [0x0078E461+1762401]
	Ordinal0 [0x006A3D78+802168]
	Ordinal0 [0x006FCA92+1165970]
	Ordinal0 [0x006EC5F6+1099254]
	Ordinal0 [0x006C6BE0+945120]
	Ordinal0 [0x006C7AD6+948950]
	GetHandleVerifier [0x00A971F2+2712546]
	GetHandleVerifier [0x00A8886D+2652765]
	GetHandleVerifier [0x0088002A+520730]
	GetHandleVerifier [0x0087EE06+516086]
	Ordinal0 [0x0079468B+1787531]
	Ordinal0 [0x00798E88+1805960]
	Ordinal0 [0x00798F75+1806197]
	Ordinal0 [0x007A1DF1+1842673]
	BaseThreadInitThunk [0x7679FA29+25]
	RtlGetAppContainerNamedObjectPath [0x77C37A9E+286]
	RtlGetAppContainerNamedObjectPath [0x77C37A6E+238]


31/Aug/2022 09:37:17 AM - search_case - 600 - INFO - FA Case >>> FA-0563986
31/Aug/2022 09:37:17 AM - search_case - 638 - WARNING - This case wase changed the priority !!!
31/Aug/2022 09:37:36 AM - update_qms_data - 433 - CRITICAL - Traceback Error: Traceback (most recent call last):
  File "C:\Users\wlongsid\AppData\Local\Programs\Python\Python310\lib\site-packages\urllib3\connectionpool.py", line 703, in urlopen
    httplib_response = self._make_request(
  File "C:\Users\wlongsid\AppData\Local\Programs\Python\Python310\lib\site-packages\urllib3\connectionpool.py", line 449, in _make_request
    six.raise_from(e, None)
  File "<string>", line 3, in raise_from
  File "C:\Users\wlongsid\AppData\Local\Programs\Python\Python310\lib\site-packages\urllib3\connectionpool.py", line 444, in _make_request
    httplib_response = conn.getresponse()
  File "C:\Users\wlongsid\AppData\Local\Programs\Python\Python310\lib\http\client.py", line 1374, in getresponse
    response.begin()
  File "C:\Users\wlongsid\AppData\Local\Programs\Python\Python310\lib\http\client.py", line 318, in begin
    version, status, reason = self._read_status()
  File "C:\Users\wlongsid\AppData\Local\Programs\Python\Python310\lib\http\client.py", line 279, in _read_status
    line = str(self.fp.readline(_MAXLINE + 1), "iso-8859-1")
  File "C:\Users\wlongsid\AppData\Local\Programs\Python\Python310\lib\socket.py", line 705, in readinto
    return self._sock.recv_into(b)
ConnectionResetError: [WinError 10054] An existing connection was forcibly closed by the remote host

During handling of the above exception, another exception occurred:

Traceback (most recent call last):
  File "C:\Users\wlongsid\OneDrive - Cisco\Documents\DEV\PY\qms_auto_update_incpection_cases\main.py", line 211, in update_qms_data
    if not self.search_case(fa_case,'Inspection & Review'):
  File "C:\Users\wlongsid\OneDrive - Cisco\Documents\DEV\PY\qms_auto_update_incpection_cases\main.py", line 640, in search_case
    if fa_case in WebDriverWait(self.driver, 20).until(ec.visibility_of_element_located((By.XPATH, '//h4[@id="searchResultHeader"]'))).text:
  File "C:\Users\wlongsid\AppData\Local\Programs\Python\Python310\lib\site-packages\selenium\webdriver\support\wait.py", line 78, in until
    value = method(self._driver)
  File "C:\Users\wlongsid\AppData\Local\Programs\Python\Python310\lib\site-packages\selenium\webdriver\support\expected_conditions.py", line 125, in _predicate
    return _element_if_visible(driver.find_element(*locator))
  File "C:\Users\wlongsid\AppData\Local\Programs\Python\Python310\lib\site-packages\selenium\webdriver\remote\webdriver.py", line 1244, in find_element
    return self.execute(Command.FIND_ELEMENT, {
  File "C:\Users\wlongsid\AppData\Local\Programs\Python\Python310\lib\site-packages\selenium\webdriver\remote\webdriver.py", line 422, in execute
    response = self.command_executor.execute(driver_command, params)
  File "C:\Users\wlongsid\AppData\Local\Programs\Python\Python310\lib\site-packages\selenium\webdriver\remote\remote_connection.py", line 421, in execute
    return self._request(command_info[0], url, body=data)
  File "C:\Users\wlongsid\AppData\Local\Programs\Python\Python310\lib\site-packages\selenium\webdriver\remote\remote_connection.py", line 443, in _request
    resp = self._conn.request(method, url, body=body, headers=headers)
  File "C:\Users\wlongsid\AppData\Local\Programs\Python\Python310\lib\site-packages\urllib3\request.py", line 78, in request
    return self.request_encode_body(
  File "C:\Users\wlongsid\AppData\Local\Programs\Python\Python310\lib\site-packages\urllib3\request.py", line 170, in request_encode_body
    return self.urlopen(method, url, **extra_kw)
  File "C:\Users\wlongsid\AppData\Local\Programs\Python\Python310\lib\site-packages\urllib3\poolmanager.py", line 375, in urlopen
    response = conn.urlopen(method, u.request_uri, **kw)
  File "C:\Users\wlongsid\AppData\Local\Programs\Python\Python310\lib\site-packages\urllib3\connectionpool.py", line 785, in urlopen
    retries = retries.increment(
  File "C:\Users\wlongsid\AppData\Local\Programs\Python\Python310\lib\site-packages\urllib3\util\retry.py", line 550, in increment
    raise six.reraise(type(error), error, _stacktrace)
  File "C:\Users\wlongsid\AppData\Local\Programs\Python\Python310\lib\site-packages\urllib3\packages\six.py", line 769, in reraise
    raise value.with_traceback(tb)
  File "C:\Users\wlongsid\AppData\Local\Programs\Python\Python310\lib\site-packages\urllib3\connectionpool.py", line 703, in urlopen
    httplib_response = self._make_request(
  File "C:\Users\wlongsid\AppData\Local\Programs\Python\Python310\lib\site-packages\urllib3\connectionpool.py", line 449, in _make_request
    six.raise_from(e, None)
  File "<string>", line 3, in raise_from
  File "C:\Users\wlongsid\AppData\Local\Programs\Python\Python310\lib\site-packages\urllib3\connectionpool.py", line 444, in _make_request
    httplib_response = conn.getresponse()
  File "C:\Users\wlongsid\AppData\Local\Programs\Python\Python310\lib\http\client.py", line 1374, in getresponse
    response.begin()
  File "C:\Users\wlongsid\AppData\Local\Programs\Python\Python310\lib\http\client.py", line 318, in begin
    version, status, reason = self._read_status()
  File "C:\Users\wlongsid\AppData\Local\Programs\Python\Python310\lib\http\client.py", line 279, in _read_status
    line = str(self.fp.readline(_MAXLINE + 1), "iso-8859-1")
  File "C:\Users\wlongsid\AppData\Local\Programs\Python\Python310\lib\socket.py", line 705, in readinto
    return self._sock.recv_into(b)
urllib3.exceptions.ProtocolError: ('Connection aborted.', ConnectionResetError(10054, 'An existing connection was forcibly closed by the remote host', None, 10054, None))

